<?xml version="1.0" encoding="UTF-8"?>
<!-- Generated by org.testng.reporters.JUnitXMLReporter -->
<testsuite ignored="3" hostname="Mobassaras-MBP" failures="1" tests="1" name="ATNT Home" time="8.284" errors="0" timestamp="2020-09-02T21:05:36 EDT">
  <testcase classname="testSearch.SearchTest" name="testSearchBoxCheckGetItemsListFromDB" time="0.144">
    <failure type="java.sql.SQLNonTransientConnectionException" message="Public Key Retrieval is not allowed">
      <![CDATA[java.sql.SQLNonTransientConnectionException: Public Key Retrieval is not allowed
at com.mysql.cj.jdbc.exceptions.SQLError.createSQLException(SQLError.java:110)
at com.mysql.cj.jdbc.exceptions.SQLError.createSQLException(SQLError.java:97)
at com.mysql.cj.jdbc.exceptions.SQLExceptionsMapping.translateException(SQLExceptionsMapping.java:122)
at com.mysql.cj.jdbc.ConnectionImpl.createNewIO(ConnectionImpl.java:836)
at com.mysql.cj.jdbc.ConnectionImpl.<init>(ConnectionImpl.java:456)
at com.mysql.cj.jdbc.ConnectionImpl.getInstance(ConnectionImpl.java:246)
at com.mysql.cj.jdbc.NonRegisteringDriver.connect(NonRegisteringDriver.java:197)
at java.sql/java.sql.DriverManager.getConnection(DriverManager.java:677)
at java.sql/java.sql.DriverManager.getConnection(DriverManager.java:228)
at databases.ConnectToSqlDB.connectToSqlDatabase(ConnectToSqlDB.java:38)
at databases.ConnectToSqlDB.readDataBase(ConnectToSqlDB.java:47)
at dataDriven.DataSource.getItemsListFromDB(DataSource.java:38)
at searchItem.Search.searchBoxCheckGetItemsListFromDB(Search.java:79)
at testSearch.SearchTest.testSearchBoxCheckGetItemsListFromDB(SearchTest.java:36)
at java.base/java.util.ArrayList.forEach(ArrayList.java:1541)
... Removed 31 stack frames]]>
    </failure>
  </testcase> <!-- testSearchBoxCheckGetItemsListFromDB -->
  <testcase classname="testSearch.SearchTest" name="testSearchBoxCheckGetItemsListFromExcel" time="0.0">
    <ignored/>
  </testcase> <!-- testSearchBoxCheckGetItemsListFromExcel -->
  <testcase classname="testSearch.SearchTest" name="testSearch" time="0.0">
    <ignored/>
  </testcase> <!-- testSearch -->
  <testcase classname="testSearch.SearchTest" name="testSearchBoxCheckUsingGetItemValue" time="0.0">
    <ignored/>
  </testcase> <!-- testSearchBoxCheckUsingGetItemValue -->
</testsuite> <!-- ATNT Home -->
