<?xml version="1.0" encoding="UTF-8"?>
<testng-results ignored="10" total="50" passed="28" failed="12" skipped="0">
  <reporter-output>
    <line>
      <![CDATA[Extent Report DirectoryC:\Users\lenis\IdeaProjects\WebAutomationFrameWorkSelenium_Team2\TargetEcommerce\target\surefire-reports\html]]>
    </line>
  </reporter-output>
  <suite started-at="2020-08-31T11:59:40 EDT" name="TestSuite" finished-at="2020-08-31T12:09:13 EDT" duration-ms="572904">
    <groups>
    </groups>
    <test started-at="2020-08-31T11:59:40 EDT" name="Target Home" finished-at="2020-08-31T12:09:13 EDT" duration-ms="572904">
      <class name="homefunctiontest.HomeFunctionalTest">
        <test-method is-config="true" signature="setUp(boolean, java.lang.String, java.lang.String, java.lang.String, java.lang.String, java.lang.String, java.lang.String)[pri:0, instance:homefunctiontest.HomeFunctionalTest@cad498c]" started-at="2020-08-31T12:01:38 EDT" name="setUp" finished-at="2020-08-31T12:01:42 EDT" duration-ms="4871" status="PASS">
          <params>
            <param index="0">
              <value>
                <![CDATA[false]]>
              </value>
            </param>
            <param index="1">
              <value>
                <![CDATA[browserstack]]>
              </value>
            </param>
            <param index="2">
              <value>
                <![CDATA[windows]]>
              </value>
            </param>
            <param index="3">
              <value>
                <![CDATA[10]]>
              </value>
            </param>
            <param index="4">
              <value>
                <![CDATA[chrome]]>
              </value>
            </param>
            <param index="5">
              <value>
                <![CDATA[84]]>
              </value>
            </param>
            <param index="6">
              <value>
                <![CDATA[https://www.target.com]]>
              </value>
            </param>
          </params>
          <reporter-output>
          </reporter-output>
        </test-method> <!-- setUp -->
        <test-method is-config="true" signature="startExtent(java.lang.reflect.Method)[pri:0, instance:homefunctiontest.HomeFunctionalTest@cad498c]" started-at="2020-08-31T12:01:42 EDT" name="startExtent" finished-at="2020-08-31T12:01:42 EDT" duration-ms="1" status="PASS">
          <params>
            <param index="0">
              <value>
                <![CDATA[public void homefunctiontest.HomeFunctionalTest.testCartSignIn() throws java.lang.InterruptedException]]>
              </value>
            </param>
          </params>
          <reporter-output>
          </reporter-output>
        </test-method> <!-- startExtent -->
        <test-method is-config="true" signature="getInit()[pri:0, instance:homefunctiontest.HomeFunctionalTest@cad498c]" started-at="2020-08-31T12:01:42 EDT" name="getInit" finished-at="2020-08-31T12:01:42 EDT" duration-ms="5" status="PASS">
          <reporter-output>
          </reporter-output>
        </test-method> <!-- getInit -->
        <test-method signature="testCartSignIn()[pri:0, instance:homefunctiontest.HomeFunctionalTest@cad498c]" started-at="2020-08-31T12:01:42 EDT" name="testCartSignIn" finished-at="2020-08-31T12:01:52 EDT" duration-ms="9242" status="PASS">
          <reporter-output>
          </reporter-output>
        </test-method> <!-- testCartSignIn -->
        <test-method is-config="true" signature="afterEachTestMethod(org.testng.ITestResult)[pri:0, instance:homefunctiontest.HomeFunctionalTest@cad498c]" started-at="2020-08-31T12:01:52 EDT" name="afterEachTestMethod" finished-at="2020-08-31T12:01:53 EDT" duration-ms="1144" status="PASS">
          <params>
            <param index="0">
              <value>
                <![CDATA[[TestResult name=testCartSignIn status=SUCCESS method=HomeFunctionalTest.testCartSignIn()[pri:0, instance:homefunctiontest.HomeFunctionalTest@cad498c] output={null}]]]>
              </value>
            </param>
          </params>
          <reporter-output>
          </reporter-output>
        </test-method> <!-- afterEachTestMethod -->
        <test-method is-config="true" signature="cleanUp()[pri:0, instance:homefunctiontest.HomeFunctionalTest@cad498c]" started-at="2020-08-31T12:01:53 EDT" name="cleanUp" finished-at="2020-08-31T12:01:53 EDT" duration-ms="0" status="PASS">
          <reporter-output>
          </reporter-output>
        </test-method> <!-- cleanUp -->
        <test-method is-config="true" signature="setUp(boolean, java.lang.String, java.lang.String, java.lang.String, java.lang.String, java.lang.String, java.lang.String)[pri:0, instance:homefunctiontest.HomeFunctionalTest@cad498c]" started-at="2020-08-31T12:01:53 EDT" name="setUp" finished-at="2020-08-31T12:01:59 EDT" duration-ms="6069" status="PASS">
          <params>
            <param index="0">
              <value>
                <![CDATA[false]]>
              </value>
            </param>
            <param index="1">
              <value>
                <![CDATA[browserstack]]>
              </value>
            </param>
            <param index="2">
              <value>
                <![CDATA[windows]]>
              </value>
            </param>
            <param index="3">
              <value>
                <![CDATA[10]]>
              </value>
            </param>
            <param index="4">
              <value>
                <![CDATA[chrome]]>
              </value>
            </param>
            <param index="5">
              <value>
                <![CDATA[84]]>
              </value>
            </param>
            <param index="6">
              <value>
                <![CDATA[https://www.target.com]]>
              </value>
            </param>
          </params>
          <reporter-output>
          </reporter-output>
        </test-method> <!-- setUp -->
        <test-method is-config="true" signature="startExtent(java.lang.reflect.Method)[pri:0, instance:homefunctiontest.HomeFunctionalTest@cad498c]" started-at="2020-08-31T12:01:59 EDT" name="startExtent" finished-at="2020-08-31T12:01:59 EDT" duration-ms="1" status="PASS">
          <params>
            <param index="0">
              <value>
                <![CDATA[public void homefunctiontest.HomeFunctionalTest.testCartSignInNegative() throws java.lang.InterruptedException]]>
              </value>
            </param>
          </params>
          <reporter-output>
          </reporter-output>
        </test-method> <!-- startExtent -->
        <test-method is-config="true" signature="getInit()[pri:0, instance:homefunctiontest.HomeFunctionalTest@cad498c]" started-at="2020-08-31T12:01:59 EDT" name="getInit" finished-at="2020-08-31T12:01:59 EDT" duration-ms="1" status="PASS">
          <reporter-output>
          </reporter-output>
        </test-method> <!-- getInit -->
        <test-method signature="testCartSignInNegative()[pri:0, instance:homefunctiontest.HomeFunctionalTest@cad498c]" started-at="2020-08-31T12:01:59 EDT" name="testCartSignInNegative" finished-at="2020-08-31T12:02:08 EDT" duration-ms="8876" status="PASS">
          <reporter-output>
          </reporter-output>
        </test-method> <!-- testCartSignInNegative -->
        <test-method is-config="true" signature="afterEachTestMethod(org.testng.ITestResult)[pri:0, instance:homefunctiontest.HomeFunctionalTest@cad498c]" started-at="2020-08-31T12:02:08 EDT" name="afterEachTestMethod" finished-at="2020-08-31T12:02:09 EDT" duration-ms="745" status="PASS">
          <params>
            <param index="0">
              <value>
                <![CDATA[[TestResult name=testCartSignInNegative status=SUCCESS method=HomeFunctionalTest.testCartSignInNegative()[pri:0, instance:homefunctiontest.HomeFunctionalTest@cad498c] output={null}]]]>
              </value>
            </param>
          </params>
          <reporter-output>
          </reporter-output>
        </test-method> <!-- afterEachTestMethod -->
        <test-method is-config="true" signature="cleanUp()[pri:0, instance:homefunctiontest.HomeFunctionalTest@cad498c]" started-at="2020-08-31T12:02:09 EDT" name="cleanUp" finished-at="2020-08-31T12:02:09 EDT" duration-ms="0" status="PASS">
          <reporter-output>
          </reporter-output>
        </test-method> <!-- cleanUp -->
        <test-method is-config="true" signature="setUp(boolean, java.lang.String, java.lang.String, java.lang.String, java.lang.String, java.lang.String, java.lang.String)[pri:0, instance:homefunctiontest.HomeFunctionalTest@cad498c]" started-at="2020-08-31T12:02:09 EDT" name="setUp" finished-at="2020-08-31T12:02:13 EDT" duration-ms="4865" status="PASS">
          <params>
            <param index="0">
              <value>
                <![CDATA[false]]>
              </value>
            </param>
            <param index="1">
              <value>
                <![CDATA[browserstack]]>
              </value>
            </param>
            <param index="2">
              <value>
                <![CDATA[windows]]>
              </value>
            </param>
            <param index="3">
              <value>
                <![CDATA[10]]>
              </value>
            </param>
            <param index="4">
              <value>
                <![CDATA[chrome]]>
              </value>
            </param>
            <param index="5">
              <value>
                <![CDATA[84]]>
              </value>
            </param>
            <param index="6">
              <value>
                <![CDATA[https://www.target.com]]>
              </value>
            </param>
          </params>
          <reporter-output>
          </reporter-output>
        </test-method> <!-- setUp -->
        <test-method is-config="true" signature="startExtent(java.lang.reflect.Method)[pri:0, instance:homefunctiontest.HomeFunctionalTest@cad498c]" started-at="2020-08-31T12:02:13 EDT" name="startExtent" finished-at="2020-08-31T12:02:13 EDT" duration-ms="0" status="PASS">
          <params>
            <param index="0">
              <value>
                <![CDATA[public void homefunctiontest.HomeFunctionalTest.testShoppingCart() throws java.lang.InterruptedException]]>
              </value>
            </param>
          </params>
          <reporter-output>
          </reporter-output>
        </test-method> <!-- startExtent -->
        <test-method is-config="true" signature="getInit()[pri:0, instance:homefunctiontest.HomeFunctionalTest@cad498c]" started-at="2020-08-31T12:02:13 EDT" name="getInit" finished-at="2020-08-31T12:02:13 EDT" duration-ms="1" status="PASS">
          <reporter-output>
          </reporter-output>
        </test-method> <!-- getInit -->
        <test-method signature="testShoppingCart()[pri:0, instance:homefunctiontest.HomeFunctionalTest@cad498c]" started-at="2020-08-31T12:02:13 EDT" name="testShoppingCart" finished-at="2020-08-31T12:02:30 EDT" duration-ms="16700" status="PASS">
          <reporter-output>
          </reporter-output>
        </test-method> <!-- testShoppingCart -->
        <test-method is-config="true" signature="afterEachTestMethod(org.testng.ITestResult)[pri:0, instance:homefunctiontest.HomeFunctionalTest@cad498c]" started-at="2020-08-31T12:02:30 EDT" name="afterEachTestMethod" finished-at="2020-08-31T12:02:31 EDT" duration-ms="769" status="PASS">
          <params>
            <param index="0">
              <value>
                <![CDATA[[TestResult name=testShoppingCart status=SUCCESS method=HomeFunctionalTest.testShoppingCart()[pri:0, instance:homefunctiontest.HomeFunctionalTest@cad498c] output={null}]]]>
              </value>
            </param>
          </params>
          <reporter-output>
          </reporter-output>
        </test-method> <!-- afterEachTestMethod -->
        <test-method is-config="true" signature="cleanUp()[pri:0, instance:homefunctiontest.HomeFunctionalTest@cad498c]" started-at="2020-08-31T12:02:31 EDT" name="cleanUp" finished-at="2020-08-31T12:02:31 EDT" duration-ms="1" status="PASS">
          <reporter-output>
          </reporter-output>
        </test-method> <!-- cleanUp -->
        <test-method is-config="true" signature="setUp(boolean, java.lang.String, java.lang.String, java.lang.String, java.lang.String, java.lang.String, java.lang.String)[pri:0, instance:homefunctiontest.HomeFunctionalTest@cad498c]" started-at="2020-08-31T12:02:31 EDT" name="setUp" finished-at="2020-08-31T12:02:36 EDT" duration-ms="4916" status="PASS">
          <params>
            <param index="0">
              <value>
                <![CDATA[false]]>
              </value>
            </param>
            <param index="1">
              <value>
                <![CDATA[browserstack]]>
              </value>
            </param>
            <param index="2">
              <value>
                <![CDATA[windows]]>
              </value>
            </param>
            <param index="3">
              <value>
                <![CDATA[10]]>
              </value>
            </param>
            <param index="4">
              <value>
                <![CDATA[chrome]]>
              </value>
            </param>
            <param index="5">
              <value>
                <![CDATA[84]]>
              </value>
            </param>
            <param index="6">
              <value>
                <![CDATA[https://www.target.com]]>
              </value>
            </param>
          </params>
          <reporter-output>
          </reporter-output>
        </test-method> <!-- setUp -->
        <test-method is-config="true" signature="startExtent(java.lang.reflect.Method)[pri:0, instance:homefunctiontest.HomeFunctionalTest@cad498c]" started-at="2020-08-31T12:02:36 EDT" name="startExtent" finished-at="2020-08-31T12:02:36 EDT" duration-ms="2" status="PASS">
          <params>
            <param index="0">
              <value>
                <![CDATA[public void homefunctiontest.HomeFunctionalTest.testShoppingCartNegative() throws java.lang.InterruptedException]]>
              </value>
            </param>
          </params>
          <reporter-output>
          </reporter-output>
        </test-method> <!-- startExtent -->
        <test-method is-config="true" signature="getInit()[pri:0, instance:homefunctiontest.HomeFunctionalTest@cad498c]" started-at="2020-08-31T12:02:36 EDT" name="getInit" finished-at="2020-08-31T12:02:36 EDT" duration-ms="1" status="PASS">
          <reporter-output>
          </reporter-output>
        </test-method> <!-- getInit -->
        <test-method signature="testShoppingCartNegative()[pri:0, instance:homefunctiontest.HomeFunctionalTest@cad498c]" started-at="2020-08-31T12:02:36 EDT" name="testShoppingCartNegative" finished-at="2020-08-31T12:02:49 EDT" duration-ms="13694" status="PASS">
          <reporter-output>
          </reporter-output>
        </test-method> <!-- testShoppingCartNegative -->
        <test-method is-config="true" signature="afterEachTestMethod(org.testng.ITestResult)[pri:0, instance:homefunctiontest.HomeFunctionalTest@cad498c]" started-at="2020-08-31T12:02:49 EDT" name="afterEachTestMethod" finished-at="2020-08-31T12:02:50 EDT" duration-ms="735" status="PASS">
          <params>
            <param index="0">
              <value>
                <![CDATA[[TestResult name=testShoppingCartNegative status=SUCCESS method=HomeFunctionalTest.testShoppingCartNegative()[pri:0, instance:homefunctiontest.HomeFunctionalTest@cad498c] output={null}]]]>
              </value>
            </param>
          </params>
          <reporter-output>
          </reporter-output>
        </test-method> <!-- afterEachTestMethod -->
        <test-method is-config="true" signature="setUp(boolean, java.lang.String, java.lang.String, java.lang.String, java.lang.String, java.lang.String, java.lang.String)[pri:0, instance:homefunctiontest.HomeFunctionalTest@cad498c]" started-at="2020-08-31T12:02:50 EDT" name="setUp" finished-at="2020-08-31T12:02:56 EDT" duration-ms="6057" status="PASS">
          <params>
            <param index="0">
              <value>
                <![CDATA[false]]>
              </value>
            </param>
            <param index="1">
              <value>
                <![CDATA[browserstack]]>
              </value>
            </param>
            <param index="2">
              <value>
                <![CDATA[windows]]>
              </value>
            </param>
            <param index="3">
              <value>
                <![CDATA[10]]>
              </value>
            </param>
            <param index="4">
              <value>
                <![CDATA[chrome]]>
              </value>
            </param>
            <param index="5">
              <value>
                <![CDATA[84]]>
              </value>
            </param>
            <param index="6">
              <value>
                <![CDATA[https://www.target.com]]>
              </value>
            </param>
          </params>
          <reporter-output>
          </reporter-output>
        </test-method> <!-- setUp -->
        <test-method is-config="true" signature="cleanUp()[pri:0, instance:homefunctiontest.HomeFunctionalTest@cad498c]" started-at="2020-08-31T12:02:50 EDT" name="cleanUp" finished-at="2020-08-31T12:02:50 EDT" duration-ms="0" status="PASS">
          <reporter-output>
          </reporter-output>
        </test-method> <!-- cleanUp -->
        <test-method is-config="true" signature="startExtent(java.lang.reflect.Method)[pri:0, instance:homefunctiontest.HomeFunctionalTest@cad498c]" started-at="2020-08-31T12:02:56 EDT" name="startExtent" finished-at="2020-08-31T12:02:56 EDT" duration-ms="0" status="PASS">
          <params>
            <param index="0">
              <value>
                <![CDATA[public void homefunctiontest.HomeFunctionalTest.testSignInButton() throws java.lang.InterruptedException]]>
              </value>
            </param>
          </params>
          <reporter-output>
          </reporter-output>
        </test-method> <!-- startExtent -->
        <test-method is-config="true" signature="getInit()[pri:0, instance:homefunctiontest.HomeFunctionalTest@cad498c]" started-at="2020-08-31T12:02:56 EDT" name="getInit" finished-at="2020-08-31T12:02:56 EDT" duration-ms="2" status="PASS">
          <reporter-output>
          </reporter-output>
        </test-method> <!-- getInit -->
        <test-method signature="testSignInButton()[pri:0, instance:homefunctiontest.HomeFunctionalTest@cad498c]" started-at="2020-08-31T12:02:56 EDT" name="testSignInButton" finished-at="2020-08-31T12:03:05 EDT" duration-ms="8458" status="PASS">
          <reporter-output>
          </reporter-output>
        </test-method> <!-- testSignInButton -->
        <test-method is-config="true" signature="afterEachTestMethod(org.testng.ITestResult)[pri:0, instance:homefunctiontest.HomeFunctionalTest@cad498c]" started-at="2020-08-31T12:03:05 EDT" name="afterEachTestMethod" finished-at="2020-08-31T12:03:05 EDT" duration-ms="757" status="PASS">
          <params>
            <param index="0">
              <value>
                <![CDATA[[TestResult name=testSignInButton status=SUCCESS method=HomeFunctionalTest.testSignInButton()[pri:0, instance:homefunctiontest.HomeFunctionalTest@cad498c] output={null}]]]>
              </value>
            </param>
          </params>
          <reporter-output>
          </reporter-output>
        </test-method> <!-- afterEachTestMethod -->
        <test-method is-config="true" signature="cleanUp()[pri:0, instance:homefunctiontest.HomeFunctionalTest@cad498c]" started-at="2020-08-31T12:03:05 EDT" name="cleanUp" finished-at="2020-08-31T12:03:05 EDT" duration-ms="1" status="PASS">
          <reporter-output>
          </reporter-output>
        </test-method> <!-- cleanUp -->
        <test-method is-config="true" signature="setUp(boolean, java.lang.String, java.lang.String, java.lang.String, java.lang.String, java.lang.String, java.lang.String)[pri:0, instance:homefunctiontest.HomeFunctionalTest@cad498c]" started-at="2020-08-31T12:03:05 EDT" name="setUp" finished-at="2020-08-31T12:03:12 EDT" duration-ms="6080" status="PASS">
          <params>
            <param index="0">
              <value>
                <![CDATA[false]]>
              </value>
            </param>
            <param index="1">
              <value>
                <![CDATA[browserstack]]>
              </value>
            </param>
            <param index="2">
              <value>
                <![CDATA[windows]]>
              </value>
            </param>
            <param index="3">
              <value>
                <![CDATA[10]]>
              </value>
            </param>
            <param index="4">
              <value>
                <![CDATA[chrome]]>
              </value>
            </param>
            <param index="5">
              <value>
                <![CDATA[84]]>
              </value>
            </param>
            <param index="6">
              <value>
                <![CDATA[https://www.target.com]]>
              </value>
            </param>
          </params>
          <reporter-output>
          </reporter-output>
        </test-method> <!-- setUp -->
        <test-method is-config="true" signature="startExtent(java.lang.reflect.Method)[pri:0, instance:homefunctiontest.HomeFunctionalTest@cad498c]" started-at="2020-08-31T12:03:12 EDT" name="startExtent" finished-at="2020-08-31T12:03:12 EDT" duration-ms="2" status="PASS">
          <params>
            <param index="0">
              <value>
                <![CDATA[public void homefunctiontest.HomeFunctionalTest.testUseLogIn() throws java.lang.InterruptedException]]>
              </value>
            </param>
          </params>
          <reporter-output>
          </reporter-output>
        </test-method> <!-- startExtent -->
        <test-method is-config="true" signature="getInit()[pri:0, instance:homefunctiontest.HomeFunctionalTest@cad498c]" started-at="2020-08-31T12:03:12 EDT" name="getInit" finished-at="2020-08-31T12:03:12 EDT" duration-ms="1" status="PASS">
          <reporter-output>
          </reporter-output>
        </test-method> <!-- getInit -->
        <test-method signature="testUseLogIn()[pri:0, instance:homefunctiontest.HomeFunctionalTest@cad498c]" started-at="2020-08-31T12:03:12 EDT" name="testUseLogIn" finished-at="2020-08-31T12:03:21 EDT" duration-ms="9181" status="PASS">
          <reporter-output>
          </reporter-output>
        </test-method> <!-- testUseLogIn -->
        <test-method is-config="true" signature="afterEachTestMethod(org.testng.ITestResult)[pri:0, instance:homefunctiontest.HomeFunctionalTest@cad498c]" started-at="2020-08-31T12:03:21 EDT" name="afterEachTestMethod" finished-at="2020-08-31T12:03:21 EDT" duration-ms="736" status="PASS">
          <params>
            <param index="0">
              <value>
                <![CDATA[[TestResult name=testUseLogIn status=SUCCESS method=HomeFunctionalTest.testUseLogIn()[pri:0, instance:homefunctiontest.HomeFunctionalTest@cad498c] output={null}]]]>
              </value>
            </param>
          </params>
          <reporter-output>
          </reporter-output>
        </test-method> <!-- afterEachTestMethod -->
        <test-method is-config="true" signature="cleanUp()[pri:0, instance:homefunctiontest.HomeFunctionalTest@cad498c]" started-at="2020-08-31T12:03:21 EDT" name="cleanUp" finished-at="2020-08-31T12:03:21 EDT" duration-ms="0" status="PASS">
          <reporter-output>
          </reporter-output>
        </test-method> <!-- cleanUp -->
      </class> <!-- homefunctiontest.HomeFunctionalTest -->
      <class name="testredcard.RedCardPageTest">
        <test-method is-config="true" signature="setUp(boolean, java.lang.String, java.lang.String, java.lang.String, java.lang.String, java.lang.String, java.lang.String)[pri:0, instance:testredcard.RedCardPageTest@b62d79]" started-at="2020-08-31T12:07:06 EDT" name="setUp" finished-at="2020-08-31T12:07:12 EDT" duration-ms="5007" status="PASS">
          <params>
            <param index="0">
              <value>
                <![CDATA[false]]>
              </value>
            </param>
            <param index="1">
              <value>
                <![CDATA[browserstack]]>
              </value>
            </param>
            <param index="2">
              <value>
                <![CDATA[windows]]>
              </value>
            </param>
            <param index="3">
              <value>
                <![CDATA[10]]>
              </value>
            </param>
            <param index="4">
              <value>
                <![CDATA[chrome]]>
              </value>
            </param>
            <param index="5">
              <value>
                <![CDATA[84]]>
              </value>
            </param>
            <param index="6">
              <value>
                <![CDATA[https://www.target.com]]>
              </value>
            </param>
          </params>
          <reporter-output>
          </reporter-output>
        </test-method> <!-- setUp -->
        <test-method is-config="true" signature="startExtent(java.lang.reflect.Method)[pri:0, instance:testredcard.RedCardPageTest@b62d79]" started-at="2020-08-31T12:07:12 EDT" name="startExtent" finished-at="2020-08-31T12:07:12 EDT" duration-ms="1" status="PASS">
          <params>
            <param index="0">
              <value>
                <![CDATA[public void testredcard.RedCardPageTest.testAtHomeLearning() throws java.lang.InterruptedException]]>
              </value>
            </param>
          </params>
          <reporter-output>
          </reporter-output>
        </test-method> <!-- startExtent -->
        <test-method is-config="true" signature="getInit()[pri:0, instance:testredcard.RedCardPageTest@b62d79]" started-at="2020-08-31T12:07:12 EDT" name="getInit" finished-at="2020-08-31T12:07:12 EDT" duration-ms="3" status="PASS">
          <reporter-output>
          </reporter-output>
        </test-method> <!-- getInit -->
        <test-method signature="testAtHomeLearning()[pri:0, instance:testredcard.RedCardPageTest@b62d79]" started-at="2020-08-31T12:07:12 EDT" name="testAtHomeLearning" finished-at="2020-08-31T12:07:28 EDT" duration-ms="16240" status="FAIL">
          <exception class="org.openqa.selenium.NoSuchElementException">
            <message>
              <![CDATA[no such element: Unable to locate element: {"method":"xpath","selector":"//div[contains(text(),'Colored Pencils')]"}
  (Session info: chrome=84.0.4147.135)
For documentation on this error, please visit: https://www.seleniumhq.org/exceptions/no_such_element.html
Build info: version: '3.141.59', revision: 'e82be7d358', time: '2018-11-14T08:17:03'
System info: host: 'LAPTOP-6QSDTELI', ip: '192.168.1.185', os.name: 'Windows 10', os.arch: 'amd64', os.version: '10.0', java.version: '11.0.8'
Driver info: org.openqa.selenium.chrome.ChromeDriver
Capabilities {acceptInsecureCerts: false, browserName: chrome, browserVersion: 84.0.4147.135, chrome: {chromedriverVersion: 84.0.4147.30 (48b3e868b4cc0..., userDataDir: C:\Users\lenis\AppData\Loca...}, goog:chromeOptions: {debuggerAddress: localhost:58412}, javascriptEnabled: true, networkConnectionEnabled: false, pageLoadStrategy: normal, platform: WINDOWS, platformName: WINDOWS, proxy: Proxy(), setWindowRect: true, strictFileInteractability: false, timeouts: {implicit: 0, pageLoad: 300000, script: 30000}, unhandledPromptBehavior: dismiss and notify, webauthn:virtualAuthenticators: true}
Session ID: 7dd8db470411d2d6e9dff82163080642
*** Element info: {Using=xpath, value=//div[contains(text(),'Colored Pencils')]}]]>
            </message>
            <full-stacktrace>
              <![CDATA[org.openqa.selenium.NoSuchElementException: no such element: Unable to locate element: {"method":"xpath","selector":"//div[contains(text(),'Colored Pencils')]"}
  (Session info: chrome=84.0.4147.135)
For documentation on this error, please visit: https://www.seleniumhq.org/exceptions/no_such_element.html
Build info: version: '3.141.59', revision: 'e82be7d358', time: '2018-11-14T08:17:03'
System info: host: 'LAPTOP-6QSDTELI', ip: '192.168.1.185', os.name: 'Windows 10', os.arch: 'amd64', os.version: '10.0', java.version: '11.0.8'
Driver info: org.openqa.selenium.chrome.ChromeDriver
Capabilities {acceptInsecureCerts: false, browserName: chrome, browserVersion: 84.0.4147.135, chrome: {chromedriverVersion: 84.0.4147.30 (48b3e868b4cc0..., userDataDir: C:\Users\lenis\AppData\Loca...}, goog:chromeOptions: {debuggerAddress: localhost:58412}, javascriptEnabled: true, networkConnectionEnabled: false, pageLoadStrategy: normal, platform: WINDOWS, platformName: WINDOWS, proxy: Proxy(), setWindowRect: true, strictFileInteractability: false, timeouts: {implicit: 0, pageLoad: 300000, script: 30000}, unhandledPromptBehavior: dismiss and notify, webauthn:virtualAuthenticators: true}
Session ID: 7dd8db470411d2d6e9dff82163080642
*** Element info: {Using=xpath, value=//div[contains(text(),'Colored Pencils')]}
at java.base/jdk.internal.reflect.NativeConstructorAccessorImpl.newInstance0(Native Method)
at java.base/jdk.internal.reflect.NativeConstructorAccessorImpl.newInstance(NativeConstructorAccessorImpl.java:62)
at java.base/jdk.internal.reflect.DelegatingConstructorAccessorImpl.newInstance(DelegatingConstructorAccessorImpl.java:45)
at java.base/java.lang.reflect.Constructor.newInstance(Constructor.java:490)
at org.openqa.selenium.remote.http.W3CHttpResponseCodec.createException(W3CHttpResponseCodec.java:187)
at org.openqa.selenium.remote.http.W3CHttpResponseCodec.decode(W3CHttpResponseCodec.java:122)
at org.openqa.selenium.remote.http.W3CHttpResponseCodec.decode(W3CHttpResponseCodec.java:49)
at org.openqa.selenium.remote.HttpCommandExecutor.execute(HttpCommandExecutor.java:158)
at org.openqa.selenium.remote.service.DriverCommandExecutor.execute(DriverCommandExecutor.java:83)
at org.openqa.selenium.remote.RemoteWebDriver.execute(RemoteWebDriver.java:552)
at org.openqa.selenium.remote.RemoteWebDriver.findElement(RemoteWebDriver.java:323)
at org.openqa.selenium.remote.RemoteWebDriver.findElementByXPath(RemoteWebDriver.java:428)
at org.openqa.selenium.By$ByXPath.findElement(By.java:353)
at org.openqa.selenium.remote.RemoteWebDriver.findElement(RemoteWebDriver.java:315)
at org.openqa.selenium.support.pagefactory.DefaultElementLocator.findElement(DefaultElementLocator.java:69)
at org.openqa.selenium.support.pagefactory.internal.LocatingElementHandler.invoke(LocatingElementHandler.java:38)
at com.sun.proxy.$Proxy14.click(Unknown Source)
at redcard.RedCardPage.atHomeLearning(RedCardPage.java:88)
at testredcard.RedCardPageTest.testAtHomeLearning(RedCardPageTest.java:39)
at java.base/jdk.internal.reflect.NativeMethodAccessorImpl.invoke0(Native Method)
at java.base/jdk.internal.reflect.NativeMethodAccessorImpl.invoke(NativeMethodAccessorImpl.java:62)
at java.base/jdk.internal.reflect.DelegatingMethodAccessorImpl.invoke(DelegatingMethodAccessorImpl.java:43)
at java.base/java.lang.reflect.Method.invoke(Method.java:566)
at org.testng.internal.MethodInvocationHelper.invokeMethod(MethodInvocationHelper.java:134)
at org.testng.internal.TestInvoker.invokeMethod(TestInvoker.java:597)
at org.testng.internal.TestInvoker.invokeTestMethod(TestInvoker.java:173)
at org.testng.internal.MethodRunner.runInSequence(MethodRunner.java:46)
at org.testng.internal.TestInvoker$MethodInvocationAgent.invoke(TestInvoker.java:816)
at org.testng.internal.TestInvoker.invokeTestMethods(TestInvoker.java:146)
at org.testng.internal.TestMethodWorker.invokeTestMethods(TestMethodWorker.java:146)
at org.testng.internal.TestMethodWorker.run(TestMethodWorker.java:128)
at java.base/java.util.ArrayList.forEach(ArrayList.java:1541)
at org.testng.TestRunner.privateRun(TestRunner.java:766)
at org.testng.TestRunner.run(TestRunner.java:587)
at org.testng.SuiteRunner.runTest(SuiteRunner.java:384)
at org.testng.SuiteRunner.runSequentially(SuiteRunner.java:378)
at org.testng.SuiteRunner.privateRun(SuiteRunner.java:337)
at org.testng.SuiteRunner.run(SuiteRunner.java:286)
at org.testng.SuiteRunnerWorker.runSuite(SuiteRunnerWorker.java:53)
at org.testng.SuiteRunnerWorker.run(SuiteRunnerWorker.java:96)
at org.testng.TestNG.runSuitesSequentially(TestNG.java:1187)
at org.testng.TestNG.runSuitesLocally(TestNG.java:1109)
at org.testng.TestNG.runSuites(TestNG.java:1039)
at org.testng.TestNG.run(TestNG.java:1007)
at org.apache.maven.surefire.testng.TestNGExecutor.run(TestNGExecutor.java:284)
at org.apache.maven.surefire.testng.TestNGXmlTestSuite.execute(TestNGXmlTestSuite.java:75)
at org.apache.maven.surefire.testng.TestNGProvider.invoke(TestNGProvider.java:119)
at org.apache.maven.surefire.booter.ForkedBooter.runSuitesInProcess(ForkedBooter.java:428)
at org.apache.maven.surefire.booter.ForkedBooter.execute(ForkedBooter.java:162)
at org.apache.maven.surefire.booter.ForkedBooter.run(ForkedBooter.java:562)
at org.apache.maven.surefire.booter.ForkedBooter.main(ForkedBooter.java:548)
]]>
            </full-stacktrace>
          </exception> <!-- org.openqa.selenium.NoSuchElementException -->
          <reporter-output>
          </reporter-output>
        </test-method> <!-- testAtHomeLearning -->
        <test-method is-config="true" signature="afterEachTestMethod(org.testng.ITestResult)[pri:0, instance:testredcard.RedCardPageTest@b62d79]" started-at="2020-08-31T12:07:28 EDT" name="afterEachTestMethod" finished-at="2020-08-31T12:07:29 EDT" duration-ms="1248" status="PASS">
          <params>
            <param index="0">
              <value>
                <![CDATA[[TestResult name=testAtHomeLearning status=FAILURE method=RedCardPageTest.testAtHomeLearning()[pri:0, instance:testredcard.RedCardPageTest@b62d79] output={null}]]]>
              </value>
            </param>
          </params>
          <reporter-output>
          </reporter-output>
        </test-method> <!-- afterEachTestMethod -->
        <test-method is-config="true" signature="setUp(boolean, java.lang.String, java.lang.String, java.lang.String, java.lang.String, java.lang.String, java.lang.String)[pri:0, instance:testredcard.RedCardPageTest@b62d79]" started-at="2020-08-31T12:07:29 EDT" name="setUp" finished-at="2020-08-31T12:07:34 EDT" duration-ms="5045" status="PASS">
          <params>
            <param index="0">
              <value>
                <![CDATA[false]]>
              </value>
            </param>
            <param index="1">
              <value>
                <![CDATA[browserstack]]>
              </value>
            </param>
            <param index="2">
              <value>
                <![CDATA[windows]]>
              </value>
            </param>
            <param index="3">
              <value>
                <![CDATA[10]]>
              </value>
            </param>
            <param index="4">
              <value>
                <![CDATA[chrome]]>
              </value>
            </param>
            <param index="5">
              <value>
                <![CDATA[84]]>
              </value>
            </param>
            <param index="6">
              <value>
                <![CDATA[https://www.target.com]]>
              </value>
            </param>
          </params>
          <reporter-output>
          </reporter-output>
        </test-method> <!-- setUp -->
        <test-method is-config="true" signature="cleanUp()[pri:0, instance:testredcard.RedCardPageTest@b62d79]" started-at="2020-08-31T12:07:29 EDT" name="cleanUp" finished-at="2020-08-31T12:07:29 EDT" duration-ms="0" status="PASS">
          <reporter-output>
          </reporter-output>
        </test-method> <!-- cleanUp -->
        <test-method is-config="true" signature="startExtent(java.lang.reflect.Method)[pri:0, instance:testredcard.RedCardPageTest@b62d79]" started-at="2020-08-31T12:07:34 EDT" name="startExtent" finished-at="2020-08-31T12:07:34 EDT" duration-ms="1" status="PASS">
          <params>
            <param index="0">
              <value>
                <![CDATA[public void testredcard.RedCardPageTest.testMoreDetailsbutton() throws java.lang.InterruptedException]]>
              </value>
            </param>
          </params>
          <reporter-output>
          </reporter-output>
        </test-method> <!-- startExtent -->
        <test-method is-config="true" signature="getInit()[pri:0, instance:testredcard.RedCardPageTest@b62d79]" started-at="2020-08-31T12:07:34 EDT" name="getInit" finished-at="2020-08-31T12:07:34 EDT" duration-ms="1" status="PASS">
          <reporter-output>
          </reporter-output>
        </test-method> <!-- getInit -->
        <test-method signature="testMoreDetailsbutton()[pri:0, instance:testredcard.RedCardPageTest@b62d79]" started-at="2020-08-31T12:07:34 EDT" name="testMoreDetailsbutton" finished-at="2020-08-31T12:07:51 EDT" duration-ms="17162" status="FAIL">
          <exception class="org.openqa.selenium.NoSuchElementException">
            <message>
              <![CDATA[no such element: Unable to locate element: {"method":"xpath","selector":"//h2[contains(text(),'About this item')]"}
  (Session info: chrome=84.0.4147.135)
For documentation on this error, please visit: https://www.seleniumhq.org/exceptions/no_such_element.html
Build info: version: '3.141.59', revision: 'e82be7d358', time: '2018-11-14T08:17:03'
System info: host: 'LAPTOP-6QSDTELI', ip: '192.168.1.185', os.name: 'Windows 10', os.arch: 'amd64', os.version: '10.0', java.version: '11.0.8'
Driver info: org.openqa.selenium.chrome.ChromeDriver
Capabilities {acceptInsecureCerts: false, browserName: chrome, browserVersion: 84.0.4147.135, chrome: {chromedriverVersion: 84.0.4147.30 (48b3e868b4cc0..., userDataDir: C:\Users\lenis\AppData\Loca...}, goog:chromeOptions: {debuggerAddress: localhost:58489}, javascriptEnabled: true, networkConnectionEnabled: false, pageLoadStrategy: normal, platform: WINDOWS, platformName: WINDOWS, proxy: Proxy(), setWindowRect: true, strictFileInteractability: false, timeouts: {implicit: 0, pageLoad: 300000, script: 30000}, unhandledPromptBehavior: dismiss and notify, webauthn:virtualAuthenticators: true}
Session ID: 4481ec866f6129054bbd9c7b52ccf819
*** Element info: {Using=xpath, value=//h2[contains(text(),'About this item')]}]]>
            </message>
            <full-stacktrace>
              <![CDATA[org.openqa.selenium.NoSuchElementException: no such element: Unable to locate element: {"method":"xpath","selector":"//h2[contains(text(),'About this item')]"}
  (Session info: chrome=84.0.4147.135)
For documentation on this error, please visit: https://www.seleniumhq.org/exceptions/no_such_element.html
Build info: version: '3.141.59', revision: 'e82be7d358', time: '2018-11-14T08:17:03'
System info: host: 'LAPTOP-6QSDTELI', ip: '192.168.1.185', os.name: 'Windows 10', os.arch: 'amd64', os.version: '10.0', java.version: '11.0.8'
Driver info: org.openqa.selenium.chrome.ChromeDriver
Capabilities {acceptInsecureCerts: false, browserName: chrome, browserVersion: 84.0.4147.135, chrome: {chromedriverVersion: 84.0.4147.30 (48b3e868b4cc0..., userDataDir: C:\Users\lenis\AppData\Loca...}, goog:chromeOptions: {debuggerAddress: localhost:58489}, javascriptEnabled: true, networkConnectionEnabled: false, pageLoadStrategy: normal, platform: WINDOWS, platformName: WINDOWS, proxy: Proxy(), setWindowRect: true, strictFileInteractability: false, timeouts: {implicit: 0, pageLoad: 300000, script: 30000}, unhandledPromptBehavior: dismiss and notify, webauthn:virtualAuthenticators: true}
Session ID: 4481ec866f6129054bbd9c7b52ccf819
*** Element info: {Using=xpath, value=//h2[contains(text(),'About this item')]}
at java.base/jdk.internal.reflect.NativeConstructorAccessorImpl.newInstance0(Native Method)
at java.base/jdk.internal.reflect.NativeConstructorAccessorImpl.newInstance(NativeConstructorAccessorImpl.java:62)
at java.base/jdk.internal.reflect.DelegatingConstructorAccessorImpl.newInstance(DelegatingConstructorAccessorImpl.java:45)
at java.base/java.lang.reflect.Constructor.newInstance(Constructor.java:490)
at org.openqa.selenium.remote.http.W3CHttpResponseCodec.createException(W3CHttpResponseCodec.java:187)
at org.openqa.selenium.remote.http.W3CHttpResponseCodec.decode(W3CHttpResponseCodec.java:122)
at org.openqa.selenium.remote.http.W3CHttpResponseCodec.decode(W3CHttpResponseCodec.java:49)
at org.openqa.selenium.remote.HttpCommandExecutor.execute(HttpCommandExecutor.java:158)
at org.openqa.selenium.remote.service.DriverCommandExecutor.execute(DriverCommandExecutor.java:83)
at org.openqa.selenium.remote.RemoteWebDriver.execute(RemoteWebDriver.java:552)
at org.openqa.selenium.remote.RemoteWebDriver.findElement(RemoteWebDriver.java:323)
at org.openqa.selenium.remote.RemoteWebDriver.findElementByXPath(RemoteWebDriver.java:428)
at org.openqa.selenium.By$ByXPath.findElement(By.java:353)
at org.openqa.selenium.remote.RemoteWebDriver.findElement(RemoteWebDriver.java:315)
at org.openqa.selenium.support.pagefactory.DefaultElementLocator.findElement(DefaultElementLocator.java:69)
at org.openqa.selenium.support.pagefactory.internal.LocatingElementHandler.invoke(LocatingElementHandler.java:38)
at com.sun.proxy.$Proxy14.getText(Unknown Source)
at redcard.RedCardPage.validatemoreDetailsbutton(RedCardPage.java:79)
at testredcard.RedCardPageTest.testMoreDetailsbutton(RedCardPageTest.java:35)
at java.base/jdk.internal.reflect.NativeMethodAccessorImpl.invoke0(Native Method)
at java.base/jdk.internal.reflect.NativeMethodAccessorImpl.invoke(NativeMethodAccessorImpl.java:62)
at java.base/jdk.internal.reflect.DelegatingMethodAccessorImpl.invoke(DelegatingMethodAccessorImpl.java:43)
at java.base/java.lang.reflect.Method.invoke(Method.java:566)
at org.testng.internal.MethodInvocationHelper.invokeMethod(MethodInvocationHelper.java:134)
at org.testng.internal.TestInvoker.invokeMethod(TestInvoker.java:597)
at org.testng.internal.TestInvoker.invokeTestMethod(TestInvoker.java:173)
at org.testng.internal.MethodRunner.runInSequence(MethodRunner.java:46)
at org.testng.internal.TestInvoker$MethodInvocationAgent.invoke(TestInvoker.java:816)
at org.testng.internal.TestInvoker.invokeTestMethods(TestInvoker.java:146)
at org.testng.internal.TestMethodWorker.invokeTestMethods(TestMethodWorker.java:146)
at org.testng.internal.TestMethodWorker.run(TestMethodWorker.java:128)
at java.base/java.util.ArrayList.forEach(ArrayList.java:1541)
at org.testng.TestRunner.privateRun(TestRunner.java:766)
at org.testng.TestRunner.run(TestRunner.java:587)
at org.testng.SuiteRunner.runTest(SuiteRunner.java:384)
at org.testng.SuiteRunner.runSequentially(SuiteRunner.java:378)
at org.testng.SuiteRunner.privateRun(SuiteRunner.java:337)
at org.testng.SuiteRunner.run(SuiteRunner.java:286)
at org.testng.SuiteRunnerWorker.runSuite(SuiteRunnerWorker.java:53)
at org.testng.SuiteRunnerWorker.run(SuiteRunnerWorker.java:96)
at org.testng.TestNG.runSuitesSequentially(TestNG.java:1187)
at org.testng.TestNG.runSuitesLocally(TestNG.java:1109)
at org.testng.TestNG.runSuites(TestNG.java:1039)
at org.testng.TestNG.run(TestNG.java:1007)
at org.apache.maven.surefire.testng.TestNGExecutor.run(TestNGExecutor.java:284)
at org.apache.maven.surefire.testng.TestNGXmlTestSuite.execute(TestNGXmlTestSuite.java:75)
at org.apache.maven.surefire.testng.TestNGProvider.invoke(TestNGProvider.java:119)
at org.apache.maven.surefire.booter.ForkedBooter.runSuitesInProcess(ForkedBooter.java:428)
at org.apache.maven.surefire.booter.ForkedBooter.execute(ForkedBooter.java:162)
at org.apache.maven.surefire.booter.ForkedBooter.run(ForkedBooter.java:562)
at org.apache.maven.surefire.booter.ForkedBooter.main(ForkedBooter.java:548)
]]>
            </full-stacktrace>
          </exception> <!-- org.openqa.selenium.NoSuchElementException -->
          <reporter-output>
          </reporter-output>
        </test-method> <!-- testMoreDetailsbutton -->
        <test-method is-config="true" signature="afterEachTestMethod(org.testng.ITestResult)[pri:0, instance:testredcard.RedCardPageTest@b62d79]" started-at="2020-08-31T12:07:51 EDT" name="afterEachTestMethod" finished-at="2020-08-31T12:07:52 EDT" duration-ms="1134" status="PASS">
          <params>
            <param index="0">
              <value>
                <![CDATA[[TestResult name=testMoreDetailsbutton status=FAILURE method=RedCardPageTest.testMoreDetailsbutton()[pri:0, instance:testredcard.RedCardPageTest@b62d79] output={null}]]]>
              </value>
            </param>
          </params>
          <reporter-output>
          </reporter-output>
        </test-method> <!-- afterEachTestMethod -->
        <test-method is-config="true" signature="cleanUp()[pri:0, instance:testredcard.RedCardPageTest@b62d79]" started-at="2020-08-31T12:07:52 EDT" name="cleanUp" finished-at="2020-08-31T12:07:52 EDT" duration-ms="0" status="PASS">
          <reporter-output>
          </reporter-output>
        </test-method> <!-- cleanUp -->
        <test-method is-config="true" signature="setUp(boolean, java.lang.String, java.lang.String, java.lang.String, java.lang.String, java.lang.String, java.lang.String)[pri:0, instance:testredcard.RedCardPageTest@b62d79]" started-at="2020-08-31T12:07:52 EDT" name="setUp" finished-at="2020-08-31T12:07:58 EDT" duration-ms="5996" status="PASS">
          <params>
            <param index="0">
              <value>
                <![CDATA[false]]>
              </value>
            </param>
            <param index="1">
              <value>
                <![CDATA[browserstack]]>
              </value>
            </param>
            <param index="2">
              <value>
                <![CDATA[windows]]>
              </value>
            </param>
            <param index="3">
              <value>
                <![CDATA[10]]>
              </value>
            </param>
            <param index="4">
              <value>
                <![CDATA[chrome]]>
              </value>
            </param>
            <param index="5">
              <value>
                <![CDATA[84]]>
              </value>
            </param>
            <param index="6">
              <value>
                <![CDATA[https://www.target.com]]>
              </value>
            </param>
          </params>
          <reporter-output>
          </reporter-output>
        </test-method> <!-- setUp -->
        <test-method is-config="true" signature="startExtent(java.lang.reflect.Method)[pri:0, instance:testredcard.RedCardPageTest@b62d79]" started-at="2020-08-31T12:07:58 EDT" name="startExtent" finished-at="2020-08-31T12:07:58 EDT" duration-ms="1" status="PASS">
          <params>
            <param index="0">
              <value>
                <![CDATA[public void testredcard.RedCardPageTest.testRedCardLandedPage()]]>
              </value>
            </param>
          </params>
          <reporter-output>
          </reporter-output>
        </test-method> <!-- startExtent -->
        <test-method signature="testRedCardLandedPage()[pri:0, instance:testredcard.RedCardPageTest@b62d79]" started-at="2020-08-31T12:07:58 EDT" name="testRedCardLandedPage" finished-at="2020-08-31T12:07:59 EDT" duration-ms="628" status="PASS">
          <reporter-output>
          </reporter-output>
        </test-method> <!-- testRedCardLandedPage -->
        <test-method is-config="true" signature="getInit()[pri:0, instance:testredcard.RedCardPageTest@b62d79]" started-at="2020-08-31T12:07:58 EDT" name="getInit" finished-at="2020-08-31T12:07:58 EDT" duration-ms="0" status="PASS">
          <reporter-output>
          </reporter-output>
        </test-method> <!-- getInit -->
        <test-method is-config="true" signature="afterEachTestMethod(org.testng.ITestResult)[pri:0, instance:testredcard.RedCardPageTest@b62d79]" started-at="2020-08-31T12:07:59 EDT" name="afterEachTestMethod" finished-at="2020-08-31T12:08:00 EDT" duration-ms="705" status="PASS">
          <params>
            <param index="0">
              <value>
                <![CDATA[[TestResult name=testRedCardLandedPage status=SUCCESS method=RedCardPageTest.testRedCardLandedPage()[pri:0, instance:testredcard.RedCardPageTest@b62d79] output={null}]]]>
              </value>
            </param>
          </params>
          <reporter-output>
          </reporter-output>
        </test-method> <!-- afterEachTestMethod -->
        <test-method is-config="true" signature="cleanUp()[pri:0, instance:testredcard.RedCardPageTest@b62d79]" started-at="2020-08-31T12:08:00 EDT" name="cleanUp" finished-at="2020-08-31T12:08:00 EDT" duration-ms="0" status="PASS">
          <reporter-output>
          </reporter-output>
        </test-method> <!-- cleanUp -->
        <test-method is-config="true" signature="setUp(boolean, java.lang.String, java.lang.String, java.lang.String, java.lang.String, java.lang.String, java.lang.String)[pri:0, instance:testredcard.RedCardPageTest@b62d79]" started-at="2020-08-31T12:08:00 EDT" name="setUp" finished-at="2020-08-31T12:08:05 EDT" duration-ms="5579" status="PASS">
          <params>
            <param index="0">
              <value>
                <![CDATA[false]]>
              </value>
            </param>
            <param index="1">
              <value>
                <![CDATA[browserstack]]>
              </value>
            </param>
            <param index="2">
              <value>
                <![CDATA[windows]]>
              </value>
            </param>
            <param index="3">
              <value>
                <![CDATA[10]]>
              </value>
            </param>
            <param index="4">
              <value>
                <![CDATA[chrome]]>
              </value>
            </param>
            <param index="5">
              <value>
                <![CDATA[84]]>
              </value>
            </param>
            <param index="6">
              <value>
                <![CDATA[https://www.target.com]]>
              </value>
            </param>
          </params>
          <reporter-output>
          </reporter-output>
        </test-method> <!-- setUp -->
        <test-method is-config="true" signature="getInit()[pri:0, instance:testredcard.RedCardPageTest@b62d79]" started-at="2020-08-31T12:08:05 EDT" name="getInit" finished-at="2020-08-31T12:08:05 EDT" duration-ms="1" status="PASS">
          <reporter-output>
          </reporter-output>
        </test-method> <!-- getInit -->
        <test-method is-config="true" signature="startExtent(java.lang.reflect.Method)[pri:0, instance:testredcard.RedCardPageTest@b62d79]" started-at="2020-08-31T12:08:05 EDT" name="startExtent" finished-at="2020-08-31T12:08:05 EDT" duration-ms="0" status="PASS">
          <params>
            <param index="0">
              <value>
                <![CDATA[public void testredcard.RedCardPageTest.testShowMoreButton()]]>
              </value>
            </param>
          </params>
          <reporter-output>
          </reporter-output>
        </test-method> <!-- startExtent -->
        <test-method signature="testShowMoreButton()[pri:0, instance:testredcard.RedCardPageTest@b62d79]" started-at="2020-08-31T12:08:05 EDT" name="testShowMoreButton" finished-at="2020-08-31T12:08:06 EDT" duration-ms="943" status="PASS">
          <reporter-output>
          </reporter-output>
        </test-method> <!-- testShowMoreButton -->
        <test-method is-config="true" signature="afterEachTestMethod(org.testng.ITestResult)[pri:0, instance:testredcard.RedCardPageTest@b62d79]" started-at="2020-08-31T12:08:06 EDT" name="afterEachTestMethod" finished-at="2020-08-31T12:08:07 EDT" duration-ms="758" status="PASS">
          <params>
            <param index="0">
              <value>
                <![CDATA[[TestResult name=testShowMoreButton status=SUCCESS method=RedCardPageTest.testShowMoreButton()[pri:0, instance:testredcard.RedCardPageTest@b62d79] output={null}]]]>
              </value>
            </param>
          </params>
          <reporter-output>
          </reporter-output>
        </test-method> <!-- afterEachTestMethod -->
        <test-method is-config="true" signature="setUp(boolean, java.lang.String, java.lang.String, java.lang.String, java.lang.String, java.lang.String, java.lang.String)[pri:0, instance:testredcard.RedCardPageTest@b62d79]" started-at="2020-08-31T12:08:07 EDT" name="setUp" finished-at="2020-08-31T12:08:13 EDT" duration-ms="5708" status="PASS">
          <params>
            <param index="0">
              <value>
                <![CDATA[false]]>
              </value>
            </param>
            <param index="1">
              <value>
                <![CDATA[browserstack]]>
              </value>
            </param>
            <param index="2">
              <value>
                <![CDATA[windows]]>
              </value>
            </param>
            <param index="3">
              <value>
                <![CDATA[10]]>
              </value>
            </param>
            <param index="4">
              <value>
                <![CDATA[chrome]]>
              </value>
            </param>
            <param index="5">
              <value>
                <![CDATA[84]]>
              </value>
            </param>
            <param index="6">
              <value>
                <![CDATA[https://www.target.com]]>
              </value>
            </param>
          </params>
          <reporter-output>
          </reporter-output>
        </test-method> <!-- setUp -->
        <test-method is-config="true" signature="cleanUp()[pri:0, instance:testredcard.RedCardPageTest@b62d79]" started-at="2020-08-31T12:08:07 EDT" name="cleanUp" finished-at="2020-08-31T12:08:07 EDT" duration-ms="0" status="PASS">
          <reporter-output>
          </reporter-output>
        </test-method> <!-- cleanUp -->
        <test-method is-config="true" signature="getInit()[pri:0, instance:testredcard.RedCardPageTest@b62d79]" started-at="2020-08-31T12:08:13 EDT" name="getInit" finished-at="2020-08-31T12:08:13 EDT" duration-ms="1" status="PASS">
          <reporter-output>
          </reporter-output>
        </test-method> <!-- getInit -->
        <test-method is-config="true" signature="startExtent(java.lang.reflect.Method)[pri:0, instance:testredcard.RedCardPageTest@b62d79]" started-at="2020-08-31T12:08:13 EDT" name="startExtent" finished-at="2020-08-31T12:08:13 EDT" duration-ms="0" status="PASS">
          <params>
            <param index="0">
              <value>
                <![CDATA[public void testredcard.RedCardPageTest.testValidateRedCardExclusivePage() throws java.lang.InterruptedException]]>
              </value>
            </param>
          </params>
          <reporter-output>
          </reporter-output>
        </test-method> <!-- startExtent -->
        <test-method signature="testValidateRedCardExclusivePage()[pri:0, instance:testredcard.RedCardPageTest@b62d79]" started-at="2020-08-31T12:08:13 EDT" name="testValidateRedCardExclusivePage" finished-at="2020-08-31T12:08:16 EDT" duration-ms="3351" status="PASS">
          <reporter-output>
          </reporter-output>
        </test-method> <!-- testValidateRedCardExclusivePage -->
        <test-method is-config="true" signature="afterEachTestMethod(org.testng.ITestResult)[pri:0, instance:testredcard.RedCardPageTest@b62d79]" started-at="2020-08-31T12:08:16 EDT" name="afterEachTestMethod" finished-at="2020-08-31T12:08:17 EDT" duration-ms="696" status="PASS">
          <params>
            <param index="0">
              <value>
                <![CDATA[[TestResult name=testValidateRedCardExclusivePage status=SUCCESS method=RedCardPageTest.testValidateRedCardExclusivePage()[pri:0, instance:testredcard.RedCardPageTest@b62d79] output={null}]]]>
              </value>
            </param>
          </params>
          <reporter-output>
          </reporter-output>
        </test-method> <!-- afterEachTestMethod -->
        <test-method is-config="true" signature="cleanUp()[pri:0, instance:testredcard.RedCardPageTest@b62d79]" started-at="2020-08-31T12:08:17 EDT" name="cleanUp" finished-at="2020-08-31T12:08:17 EDT" duration-ms="0" status="PASS">
          <reporter-output>
          </reporter-output>
        </test-method> <!-- cleanUp -->
      </class> <!-- testredcard.RedCardPageTest -->
      <class name="testRegistry.RegistryHomePageTest">
        <test-method is-config="true" signature="setUp(boolean, java.lang.String, java.lang.String, java.lang.String, java.lang.String, java.lang.String, java.lang.String)[pri:0, instance:testRegistry.RegistryHomePageTest@6631f5ca]" started-at="2020-08-31T12:08:17 EDT" name="setUp" finished-at="2020-08-31T12:08:22 EDT" duration-ms="5645" status="PASS">
          <params>
            <param index="0">
              <value>
                <![CDATA[false]]>
              </value>
            </param>
            <param index="1">
              <value>
                <![CDATA[browserstack]]>
              </value>
            </param>
            <param index="2">
              <value>
                <![CDATA[windows]]>
              </value>
            </param>
            <param index="3">
              <value>
                <![CDATA[10]]>
              </value>
            </param>
            <param index="4">
              <value>
                <![CDATA[chrome]]>
              </value>
            </param>
            <param index="5">
              <value>
                <![CDATA[84]]>
              </value>
            </param>
            <param index="6">
              <value>
                <![CDATA[https://www.target.com]]>
              </value>
            </param>
          </params>
          <reporter-output>
          </reporter-output>
        </test-method> <!-- setUp -->
        <test-method is-config="true" signature="startExtent(java.lang.reflect.Method)[pri:0, instance:testRegistry.RegistryHomePageTest@6631f5ca]" started-at="2020-08-31T12:08:22 EDT" name="startExtent" finished-at="2020-08-31T12:08:22 EDT" duration-ms="1" status="PASS">
          <params>
            <param index="0">
              <value>
                <![CDATA[public void testRegistry.RegistryHomePageTest.testAppStroeLogo() throws java.lang.InterruptedException]]>
              </value>
            </param>
          </params>
          <reporter-output>
          </reporter-output>
        </test-method> <!-- startExtent -->
        <test-method is-config="true" signature="getInit()[pri:0, instance:testRegistry.RegistryHomePageTest@6631f5ca]" started-at="2020-08-31T12:08:22 EDT" name="getInit" finished-at="2020-08-31T12:08:22 EDT" duration-ms="2" status="PASS">
          <reporter-output>
          </reporter-output>
        </test-method> <!-- getInit -->
        <test-method signature="testAppStroeLogo()[pri:0, instance:testRegistry.RegistryHomePageTest@6631f5ca]" started-at="2020-08-31T12:08:22 EDT" name="testAppStroeLogo" finished-at="2020-08-31T12:08:31 EDT" duration-ms="8598" status="PASS">
          <reporter-output>
          </reporter-output>
        </test-method> <!-- testAppStroeLogo -->
        <test-method is-config="true" signature="afterEachTestMethod(org.testng.ITestResult)[pri:0, instance:testRegistry.RegistryHomePageTest@6631f5ca]" started-at="2020-08-31T12:08:31 EDT" name="afterEachTestMethod" finished-at="2020-08-31T12:08:32 EDT" duration-ms="902" status="PASS">
          <params>
            <param index="0">
              <value>
                <![CDATA[[TestResult name=testAppStroeLogo status=SUCCESS method=RegistryHomePageTest.testAppStroeLogo()[pri:0, instance:testRegistry.RegistryHomePageTest@6631f5ca] output={null}]]]>
              </value>
            </param>
          </params>
          <reporter-output>
          </reporter-output>
        </test-method> <!-- afterEachTestMethod -->
        <test-method is-config="true" signature="cleanUp()[pri:0, instance:testRegistry.RegistryHomePageTest@6631f5ca]" started-at="2020-08-31T12:08:32 EDT" name="cleanUp" finished-at="2020-08-31T12:08:32 EDT" duration-ms="0" status="PASS">
          <reporter-output>
          </reporter-output>
        </test-method> <!-- cleanUp -->
        <test-method is-config="true" signature="setUp(boolean, java.lang.String, java.lang.String, java.lang.String, java.lang.String, java.lang.String, java.lang.String)[pri:0, instance:testRegistry.RegistryHomePageTest@6631f5ca]" started-at="2020-08-31T12:08:32 EDT" name="setUp" finished-at="2020-08-31T12:08:38 EDT" duration-ms="6153" status="PASS">
          <params>
            <param index="0">
              <value>
                <![CDATA[false]]>
              </value>
            </param>
            <param index="1">
              <value>
                <![CDATA[browserstack]]>
              </value>
            </param>
            <param index="2">
              <value>
                <![CDATA[windows]]>
              </value>
            </param>
            <param index="3">
              <value>
                <![CDATA[10]]>
              </value>
            </param>
            <param index="4">
              <value>
                <![CDATA[chrome]]>
              </value>
            </param>
            <param index="5">
              <value>
                <![CDATA[84]]>
              </value>
            </param>
            <param index="6">
              <value>
                <![CDATA[https://www.target.com]]>
              </value>
            </param>
          </params>
          <reporter-output>
          </reporter-output>
        </test-method> <!-- setUp -->
        <test-method is-config="true" signature="startExtent(java.lang.reflect.Method)[pri:0, instance:testRegistry.RegistryHomePageTest@6631f5ca]" started-at="2020-08-31T12:08:38 EDT" name="startExtent" finished-at="2020-08-31T12:08:38 EDT" duration-ms="0" status="PASS">
          <params>
            <param index="0">
              <value>
                <![CDATA[public void testRegistry.RegistryHomePageTest.testBoxLogo()]]>
              </value>
            </param>
          </params>
          <reporter-output>
          </reporter-output>
        </test-method> <!-- startExtent -->
        <test-method is-config="true" signature="getInit()[pri:0, instance:testRegistry.RegistryHomePageTest@6631f5ca]" started-at="2020-08-31T12:08:38 EDT" name="getInit" finished-at="2020-08-31T12:08:38 EDT" duration-ms="1" status="PASS">
          <reporter-output>
          </reporter-output>
        </test-method> <!-- getInit -->
        <test-method signature="testBoxLogo()[pri:0, instance:testRegistry.RegistryHomePageTest@6631f5ca]" started-at="2020-08-31T12:08:38 EDT" name="testBoxLogo" finished-at="2020-08-31T12:08:41 EDT" duration-ms="3112" status="PASS">
          <reporter-output>
          </reporter-output>
        </test-method> <!-- testBoxLogo -->
        <test-method is-config="true" signature="afterEachTestMethod(org.testng.ITestResult)[pri:0, instance:testRegistry.RegistryHomePageTest@6631f5ca]" started-at="2020-08-31T12:08:41 EDT" name="afterEachTestMethod" finished-at="2020-08-31T12:08:42 EDT" duration-ms="917" status="PASS">
          <params>
            <param index="0">
              <value>
                <![CDATA[[TestResult name=testBoxLogo status=SUCCESS method=RegistryHomePageTest.testBoxLogo()[pri:0, instance:testRegistry.RegistryHomePageTest@6631f5ca] output={null}]]]>
              </value>
            </param>
          </params>
          <reporter-output>
          </reporter-output>
        </test-method> <!-- afterEachTestMethod -->
        <test-method is-config="true" signature="cleanUp()[pri:0, instance:testRegistry.RegistryHomePageTest@6631f5ca]" started-at="2020-08-31T12:08:42 EDT" name="cleanUp" finished-at="2020-08-31T12:08:42 EDT" duration-ms="0" status="PASS">
          <reporter-output>
          </reporter-output>
        </test-method> <!-- cleanUp -->
        <test-method is-config="true" signature="setUp(boolean, java.lang.String, java.lang.String, java.lang.String, java.lang.String, java.lang.String, java.lang.String)[pri:0, instance:testRegistry.RegistryHomePageTest@6631f5ca]" started-at="2020-08-31T12:08:42 EDT" name="setUp" finished-at="2020-08-31T12:08:48 EDT" duration-ms="5657" status="PASS">
          <params>
            <param index="0">
              <value>
                <![CDATA[false]]>
              </value>
            </param>
            <param index="1">
              <value>
                <![CDATA[browserstack]]>
              </value>
            </param>
            <param index="2">
              <value>
                <![CDATA[windows]]>
              </value>
            </param>
            <param index="3">
              <value>
                <![CDATA[10]]>
              </value>
            </param>
            <param index="4">
              <value>
                <![CDATA[chrome]]>
              </value>
            </param>
            <param index="5">
              <value>
                <![CDATA[84]]>
              </value>
            </param>
            <param index="6">
              <value>
                <![CDATA[https://www.target.com]]>
              </value>
            </param>
          </params>
          <reporter-output>
          </reporter-output>
        </test-method> <!-- setUp -->
        <test-method is-config="true" signature="startExtent(java.lang.reflect.Method)[pri:0, instance:testRegistry.RegistryHomePageTest@6631f5ca]" started-at="2020-08-31T12:08:48 EDT" name="startExtent" finished-at="2020-08-31T12:08:48 EDT" duration-ms="1" status="PASS">
          <params>
            <param index="0">
              <value>
                <![CDATA[public void testRegistry.RegistryHomePageTest.testCreateBabyRegistry() throws java.lang.InterruptedException]]>
              </value>
            </param>
          </params>
          <reporter-output>
          </reporter-output>
        </test-method> <!-- startExtent -->
        <test-method is-config="true" signature="getInit()[pri:0, instance:testRegistry.RegistryHomePageTest@6631f5ca]" started-at="2020-08-31T12:08:48 EDT" name="getInit" finished-at="2020-08-31T12:08:48 EDT" duration-ms="1" status="PASS">
          <reporter-output>
          </reporter-output>
        </test-method> <!-- getInit -->
        <test-method signature="testCreateBabyRegistry()[pri:0, instance:testRegistry.RegistryHomePageTest@6631f5ca]" started-at="2020-08-31T12:08:48 EDT" name="testCreateBabyRegistry" finished-at="2020-08-31T12:08:56 EDT" duration-ms="8004" status="PASS">
          <reporter-output>
          </reporter-output>
        </test-method> <!-- testCreateBabyRegistry -->
        <test-method is-config="true" signature="afterEachTestMethod(org.testng.ITestResult)[pri:0, instance:testRegistry.RegistryHomePageTest@6631f5ca]" started-at="2020-08-31T12:08:56 EDT" name="afterEachTestMethod" finished-at="2020-08-31T12:08:57 EDT" duration-ms="845" status="PASS">
          <params>
            <param index="0">
              <value>
                <![CDATA[[TestResult name=testCreateBabyRegistry status=SUCCESS method=RegistryHomePageTest.testCreateBabyRegistry()[pri:0, instance:testRegistry.RegistryHomePageTest@6631f5ca] output={null}]]]>
              </value>
            </param>
          </params>
          <reporter-output>
          </reporter-output>
        </test-method> <!-- afterEachTestMethod -->
        <test-method is-config="true" signature="cleanUp()[pri:0, instance:testRegistry.RegistryHomePageTest@6631f5ca]" started-at="2020-08-31T12:08:57 EDT" name="cleanUp" finished-at="2020-08-31T12:08:57 EDT" duration-ms="0" status="PASS">
          <reporter-output>
          </reporter-output>
        </test-method> <!-- cleanUp -->
        <test-method is-config="true" signature="setUp(boolean, java.lang.String, java.lang.String, java.lang.String, java.lang.String, java.lang.String, java.lang.String)[pri:0, instance:testRegistry.RegistryHomePageTest@6631f5ca]" started-at="2020-08-31T12:08:57 EDT" name="setUp" finished-at="2020-08-31T12:09:02 EDT" duration-ms="5705" status="PASS">
          <params>
            <param index="0">
              <value>
                <![CDATA[false]]>
              </value>
            </param>
            <param index="1">
              <value>
                <![CDATA[browserstack]]>
              </value>
            </param>
            <param index="2">
              <value>
                <![CDATA[windows]]>
              </value>
            </param>
            <param index="3">
              <value>
                <![CDATA[10]]>
              </value>
            </param>
            <param index="4">
              <value>
                <![CDATA[chrome]]>
              </value>
            </param>
            <param index="5">
              <value>
                <![CDATA[84]]>
              </value>
            </param>
            <param index="6">
              <value>
                <![CDATA[https://www.target.com]]>
              </value>
            </param>
          </params>
          <reporter-output>
          </reporter-output>
        </test-method> <!-- setUp -->
        <test-method is-config="true" signature="startExtent(java.lang.reflect.Method)[pri:0, instance:testRegistry.RegistryHomePageTest@6631f5ca]" started-at="2020-08-31T12:09:02 EDT" name="startExtent" finished-at="2020-08-31T12:09:02 EDT" duration-ms="0" status="PASS">
          <params>
            <param index="0">
              <value>
                <![CDATA[public void testRegistry.RegistryHomePageTest.testLogoIsDisplayed()]]>
              </value>
            </param>
          </params>
          <reporter-output>
          </reporter-output>
        </test-method> <!-- startExtent -->
        <test-method is-config="true" signature="getInit()[pri:0, instance:testRegistry.RegistryHomePageTest@6631f5ca]" started-at="2020-08-31T12:09:02 EDT" name="getInit" finished-at="2020-08-31T12:09:02 EDT" duration-ms="0" status="PASS">
          <reporter-output>
          </reporter-output>
        </test-method> <!-- getInit -->
        <test-method signature="testLogoIsDisplayed()[pri:0, instance:testRegistry.RegistryHomePageTest@6631f5ca]" started-at="2020-08-31T12:09:02 EDT" name="testLogoIsDisplayed" finished-at="2020-08-31T12:09:02 EDT" duration-ms="46" status="PASS">
          <reporter-output>
          </reporter-output>
        </test-method> <!-- testLogoIsDisplayed -->
        <test-method is-config="true" signature="afterEachTestMethod(org.testng.ITestResult)[pri:0, instance:testRegistry.RegistryHomePageTest@6631f5ca]" started-at="2020-08-31T12:09:02 EDT" name="afterEachTestMethod" finished-at="2020-08-31T12:09:03 EDT" duration-ms="680" status="PASS">
          <params>
            <param index="0">
              <value>
                <![CDATA[[TestResult name=testLogoIsDisplayed status=SUCCESS method=RegistryHomePageTest.testLogoIsDisplayed()[pri:0, instance:testRegistry.RegistryHomePageTest@6631f5ca] output={null}]]]>
              </value>
            </param>
          </params>
          <reporter-output>
          </reporter-output>
        </test-method> <!-- afterEachTestMethod -->
        <test-method is-config="true" signature="cleanUp()[pri:0, instance:testRegistry.RegistryHomePageTest@6631f5ca]" started-at="2020-08-31T12:09:03 EDT" name="cleanUp" finished-at="2020-08-31T12:09:03 EDT" duration-ms="0" status="PASS">
          <reporter-output>
          </reporter-output>
        </test-method> <!-- cleanUp -->
        <test-method is-config="true" signature="setUp(boolean, java.lang.String, java.lang.String, java.lang.String, java.lang.String, java.lang.String, java.lang.String)[pri:0, instance:testRegistry.RegistryHomePageTest@6631f5ca]" started-at="2020-08-31T12:09:03 EDT" name="setUp" finished-at="2020-08-31T12:09:09 EDT" duration-ms="6110" status="PASS">
          <params>
            <param index="0">
              <value>
                <![CDATA[false]]>
              </value>
            </param>
            <param index="1">
              <value>
                <![CDATA[browserstack]]>
              </value>
            </param>
            <param index="2">
              <value>
                <![CDATA[windows]]>
              </value>
            </param>
            <param index="3">
              <value>
                <![CDATA[10]]>
              </value>
            </param>
            <param index="4">
              <value>
                <![CDATA[chrome]]>
              </value>
            </param>
            <param index="5">
              <value>
                <![CDATA[84]]>
              </value>
            </param>
            <param index="6">
              <value>
                <![CDATA[https://www.target.com]]>
              </value>
            </param>
          </params>
          <reporter-output>
          </reporter-output>
        </test-method> <!-- setUp -->
        <test-method is-config="true" signature="getInit()[pri:0, instance:testRegistry.RegistryHomePageTest@6631f5ca]" started-at="2020-08-31T12:09:09 EDT" name="getInit" finished-at="2020-08-31T12:09:09 EDT" duration-ms="1" status="PASS">
          <reporter-output>
          </reporter-output>
        </test-method> <!-- getInit -->
        <test-method is-config="true" signature="startExtent(java.lang.reflect.Method)[pri:0, instance:testRegistry.RegistryHomePageTest@6631f5ca]" started-at="2020-08-31T12:09:09 EDT" name="startExtent" finished-at="2020-08-31T12:09:09 EDT" duration-ms="0" status="PASS">
          <params>
            <param index="0">
              <value>
                <![CDATA[public void testRegistry.RegistryHomePageTest.testRegistryButtonIsClickable() throws java.lang.InterruptedException]]>
              </value>
            </param>
          </params>
          <reporter-output>
          </reporter-output>
        </test-method> <!-- startExtent -->
        <test-method signature="testRegistryButtonIsClickable()[pri:0, instance:testRegistry.RegistryHomePageTest@6631f5ca]" started-at="2020-08-31T12:09:09 EDT" name="testRegistryButtonIsClickable" finished-at="2020-08-31T12:09:12 EDT" duration-ms="3021" status="PASS">
          <reporter-output>
          </reporter-output>
        </test-method> <!-- testRegistryButtonIsClickable -->
        <test-method is-config="true" signature="afterEachTestMethod(org.testng.ITestResult)[pri:0, instance:testRegistry.RegistryHomePageTest@6631f5ca]" started-at="2020-08-31T12:09:12 EDT" name="afterEachTestMethod" finished-at="2020-08-31T12:09:13 EDT" duration-ms="846" status="PASS">
          <params>
            <param index="0">
              <value>
                <![CDATA[[TestResult name=testRegistryButtonIsClickable status=SUCCESS method=RegistryHomePageTest.testRegistryButtonIsClickable()[pri:0, instance:testRegistry.RegistryHomePageTest@6631f5ca] output={null}]]]>
              </value>
            </param>
          </params>
          <reporter-output>
          </reporter-output>
        </test-method> <!-- afterEachTestMethod -->
        <test-method is-config="true" signature="cleanUp()[pri:0, instance:testRegistry.RegistryHomePageTest@6631f5ca]" started-at="2020-08-31T12:09:13 EDT" name="cleanUp" finished-at="2020-08-31T12:09:13 EDT" duration-ms="0" status="PASS">
          <reporter-output>
          </reporter-output>
        </test-method> <!-- cleanUp -->
      </class> <!-- testRegistry.RegistryHomePageTest -->
      <class name="testkidsactivities.KidsActiviesTest">
        <test-method is-config="true" signature="setUp(boolean, java.lang.String, java.lang.String, java.lang.String, java.lang.String, java.lang.String, java.lang.String)[pri:0, instance:testkidsactivities.KidsActiviesTest@2accdbb5]" started-at="2020-08-31T12:05:41 EDT" name="setUp" finished-at="2020-08-31T12:05:47 EDT" duration-ms="5985" status="PASS">
          <params>
            <param index="0">
              <value>
                <![CDATA[false]]>
              </value>
            </param>
            <param index="1">
              <value>
                <![CDATA[browserstack]]>
              </value>
            </param>
            <param index="2">
              <value>
                <![CDATA[windows]]>
              </value>
            </param>
            <param index="3">
              <value>
                <![CDATA[10]]>
              </value>
            </param>
            <param index="4">
              <value>
                <![CDATA[chrome]]>
              </value>
            </param>
            <param index="5">
              <value>
                <![CDATA[84]]>
              </value>
            </param>
            <param index="6">
              <value>
                <![CDATA[https://www.target.com]]>
              </value>
            </param>
          </params>
          <reporter-output>
          </reporter-output>
        </test-method> <!-- setUp -->
        <test-method is-config="true" signature="startExtent(java.lang.reflect.Method)[pri:0, instance:testkidsactivities.KidsActiviesTest@2accdbb5]" started-at="2020-08-31T12:05:47 EDT" name="startExtent" finished-at="2020-08-31T12:05:47 EDT" duration-ms="1" status="PASS">
          <params>
            <param index="0">
              <value>
                <![CDATA[public void testkidsactivities.KidsActiviesTest.testAgeActivesButton() throws java.lang.InterruptedException]]>
              </value>
            </param>
          </params>
          <reporter-output>
          </reporter-output>
        </test-method> <!-- startExtent -->
        <test-method is-config="true" signature="getInit()[pri:0, instance:testkidsactivities.KidsActiviesTest@2accdbb5]" started-at="2020-08-31T12:05:47 EDT" name="getInit" finished-at="2020-08-31T12:05:47 EDT" duration-ms="3" status="PASS">
          <reporter-output>
          </reporter-output>
        </test-method> <!-- getInit -->
        <test-method signature="testAgeActivesButton()[pri:0, instance:testkidsactivities.KidsActiviesTest@2accdbb5]" started-at="2020-08-31T12:05:47 EDT" name="testAgeActivesButton" finished-at="2020-08-31T12:05:57 EDT" duration-ms="10044" status="FAIL">
          <exception class="org.openqa.selenium.NoSuchElementException">
            <message>
              <![CDATA[no such element: Unable to locate element: {"method":"xpath","selector":"//h3[contains(text(),'activities')]"}
  (Session info: chrome=84.0.4147.135)
For documentation on this error, please visit: https://www.seleniumhq.org/exceptions/no_such_element.html
Build info: version: '3.141.59', revision: 'e82be7d358', time: '2018-11-14T08:17:03'
System info: host: 'LAPTOP-6QSDTELI', ip: '192.168.1.185', os.name: 'Windows 10', os.arch: 'amd64', os.version: '10.0', java.version: '11.0.8'
Driver info: org.openqa.selenium.chrome.ChromeDriver
Capabilities {acceptInsecureCerts: false, browserName: chrome, browserVersion: 84.0.4147.135, chrome: {chromedriverVersion: 84.0.4147.30 (48b3e868b4cc0..., userDataDir: C:\Users\lenis\AppData\Loca...}, goog:chromeOptions: {debuggerAddress: localhost:58169}, javascriptEnabled: true, networkConnectionEnabled: false, pageLoadStrategy: normal, platform: WINDOWS, platformName: WINDOWS, proxy: Proxy(), setWindowRect: true, strictFileInteractability: false, timeouts: {implicit: 0, pageLoad: 300000, script: 30000}, unhandledPromptBehavior: dismiss and notify, webauthn:virtualAuthenticators: true}
Session ID: 64a7305721f6299fb1ff710c66c86647
*** Element info: {Using=xpath, value=//h3[contains(text(),'activities')]}]]>
            </message>
            <full-stacktrace>
              <![CDATA[org.openqa.selenium.NoSuchElementException: no such element: Unable to locate element: {"method":"xpath","selector":"//h3[contains(text(),'activities')]"}
[...]
          <params>
            <param index="0">
              <value>
                <![CDATA[[TestResult name=testGiftCardPageLanded status=FAILURE method=HomePageTest.testGiftCardPageLanded()[pri:0, instance:testhome.HomePageTest@66498326] output={null}]]]>
              </value>
            </param>
          </params>
          <reporter-output>
          </reporter-output>
        </test-method> <!-- afterEachTestMethod -->
        <test-method is-config="true" signature="cleanUp()[pri:0, instance:testhome.HomePageTest@66498326]" started-at="2020-08-31T12:00:52 EDT" name="cleanUp" finished-at="2020-08-31T12:00:52 EDT" duration-ms="1" status="PASS">
          <reporter-output>
          </reporter-output>
        </test-method> <!-- cleanUp -->
        <test-method is-config="true" signature="setUp(boolean, java.lang.String, java.lang.String, java.lang.String, java.lang.String, java.lang.String, java.lang.String)[pri:0, instance:testhome.HomePageTest@66498326]" started-at="2020-08-31T12:00:52 EDT" name="setUp" finished-at="2020-08-31T12:00:58 EDT" duration-ms="5558" status="PASS">
          <params>
            <param index="0">
              <value>
                <![CDATA[false]]>
              </value>
            </param>
            <param index="1">
              <value>
                <![CDATA[browserstack]]>
              </value>
            </param>
            <param index="2">
              <value>
                <![CDATA[windows]]>
              </value>
            </param>
            <param index="3">
              <value>
                <![CDATA[10]]>
              </value>
            </param>
            <param index="4">
              <value>
                <![CDATA[chrome]]>
              </value>
            </param>
            <param index="5">
              <value>
                <![CDATA[84]]>
              </value>
            </param>
            <param index="6">
              <value>
                <![CDATA[https://www.target.com]]>
              </value>
            </param>
          </params>
          <reporter-output>
          </reporter-output>
        </test-method> <!-- setUp -->
        <test-method is-config="true" signature="startExtent(java.lang.reflect.Method)[pri:0, instance:testhome.HomePageTest@66498326]" started-at="2020-08-31T12:00:58 EDT" name="startExtent" finished-at="2020-08-31T12:00:58 EDT" duration-ms="2" status="PASS">
          <params>
            <param index="0">
              <value>
                <![CDATA[public void testhome.HomePageTest.testSearchBoxCheck() throws java.lang.InterruptedException]]>
              </value>
            </param>
          </params>
          <reporter-output>
          </reporter-output>
        </test-method> <!-- startExtent -->
        <test-method is-config="true" signature="getInit()[pri:0, instance:testhome.HomePageTest@66498326]" started-at="2020-08-31T12:00:58 EDT" name="getInit" finished-at="2020-08-31T12:00:58 EDT" duration-ms="0" status="PASS">
          <reporter-output>
          </reporter-output>
        </test-method> <!-- getInit -->
        <test-method signature="testSearchBoxCheck()[pri:0, instance:testhome.HomePageTest@66498326]" started-at="2020-08-31T12:00:58 EDT" name="testSearchBoxCheck" finished-at="2020-08-31T12:01:02 EDT" duration-ms="3731" status="PASS">
          <reporter-output>
          </reporter-output>
        </test-method> <!-- testSearchBoxCheck -->
        <test-method is-config="true" signature="afterEachTestMethod(org.testng.ITestResult)[pri:0, instance:testhome.HomePageTest@66498326]" started-at="2020-08-31T12:01:02 EDT" name="afterEachTestMethod" finished-at="2020-08-31T12:01:03 EDT" duration-ms="983" status="PASS">
          <params>
            <param index="0">
              <value>
                <![CDATA[[TestResult name=testSearchBoxCheck status=SUCCESS method=HomePageTest.testSearchBoxCheck()[pri:0, instance:testhome.HomePageTest@66498326] output={null}]]]>
              </value>
            </param>
          </params>
          <reporter-output>
          </reporter-output>
        </test-method> <!-- afterEachTestMethod -->
        <test-method is-config="true" signature="cleanUp()[pri:0, instance:testhome.HomePageTest@66498326]" started-at="2020-08-31T12:01:03 EDT" name="cleanUp" finished-at="2020-08-31T12:01:03 EDT" duration-ms="0" status="PASS">
          <reporter-output>
          </reporter-output>
        </test-method> <!-- cleanUp -->
        <test-method is-config="true" signature="setUp(boolean, java.lang.String, java.lang.String, java.lang.String, java.lang.String, java.lang.String, java.lang.String)[pri:0, instance:testhome.HomePageTest@66498326]" started-at="2020-08-31T12:01:03 EDT" name="setUp" finished-at="2020-08-31T12:01:08 EDT" duration-ms="4827" status="PASS">
          <params>
            <param index="0">
              <value>
                <![CDATA[false]]>
              </value>
            </param>
            <param index="1">
              <value>
                <![CDATA[browserstack]]>
              </value>
            </param>
            <param index="2">
              <value>
                <![CDATA[windows]]>
              </value>
            </param>
            <param index="3">
              <value>
                <![CDATA[10]]>
              </value>
            </param>
            <param index="4">
              <value>
                <![CDATA[chrome]]>
              </value>
            </param>
            <param index="5">
              <value>
                <![CDATA[84]]>
              </value>
            </param>
            <param index="6">
              <value>
                <![CDATA[https://www.target.com]]>
              </value>
            </param>
          </params>
          <reporter-output>
          </reporter-output>
        </test-method> <!-- setUp -->
        <test-method is-config="true" signature="startExtent(java.lang.reflect.Method)[pri:0, instance:testhome.HomePageTest@66498326]" started-at="2020-08-31T12:01:08 EDT" name="startExtent" finished-at="2020-08-31T12:01:08 EDT" duration-ms="1" status="PASS">
          <params>
            <param index="0">
              <value>
                <![CDATA[public void testhome.HomePageTest.testSearchBoxIsDisplayed()]]>
              </value>
            </param>
          </params>
          <reporter-output>
          </reporter-output>
        </test-method> <!-- startExtent -->
        <test-method is-config="true" signature="getInit()[pri:0, instance:testhome.HomePageTest@66498326]" started-at="2020-08-31T12:01:08 EDT" name="getInit" finished-at="2020-08-31T12:01:08 EDT" duration-ms="1" status="PASS">
          <reporter-output>
          </reporter-output>
        </test-method> <!-- getInit -->
        <test-method signature="testSearchBoxIsDisplayed()[pri:0, instance:testhome.HomePageTest@66498326]" started-at="2020-08-31T12:01:08 EDT" name="testSearchBoxIsDisplayed" finished-at="2020-08-31T12:01:08 EDT" duration-ms="590" status="PASS">
          <reporter-output>
          </reporter-output>
        </test-method> <!-- testSearchBoxIsDisplayed -->
        <test-method is-config="true" signature="afterEachTestMethod(org.testng.ITestResult)[pri:0, instance:testhome.HomePageTest@66498326]" started-at="2020-08-31T12:01:08 EDT" name="afterEachTestMethod" finished-at="2020-08-31T12:01:09 EDT" duration-ms="683" status="PASS">
          <params>
            <param index="0">
              <value>
                <![CDATA[[TestResult name=testSearchBoxIsDisplayed status=SUCCESS method=HomePageTest.testSearchBoxIsDisplayed()[pri:0, instance:testhome.HomePageTest@66498326] output={null}]]]>
              </value>
            </param>
          </params>
          <reporter-output>
          </reporter-output>
        </test-method> <!-- afterEachTestMethod -->
        <test-method is-config="true" signature="cleanUp()[pri:0, instance:testhome.HomePageTest@66498326]" started-at="2020-08-31T12:01:09 EDT" name="cleanUp" finished-at="2020-08-31T12:01:09 EDT" duration-ms="1" status="PASS">
          <reporter-output>
          </reporter-output>
        </test-method> <!-- cleanUp -->
        <test-method is-config="true" signature="setUp(boolean, java.lang.String, java.lang.String, java.lang.String, java.lang.String, java.lang.String, java.lang.String)[pri:0, instance:testhome.HomePageTest@66498326]" started-at="2020-08-31T12:01:09 EDT" name="setUp" finished-at="2020-08-31T12:01:15 EDT" duration-ms="5720" status="PASS">
          <params>
            <param index="0">
              <value>
                <![CDATA[false]]>
              </value>
            </param>
            <param index="1">
              <value>
                <![CDATA[browserstack]]>
              </value>
            </param>
            <param index="2">
              <value>
                <![CDATA[windows]]>
              </value>
            </param>
            <param index="3">
              <value>
                <![CDATA[10]]>
              </value>
            </param>
            <param index="4">
              <value>
                <![CDATA[chrome]]>
              </value>
            </param>
            <param index="5">
              <value>
                <![CDATA[84]]>
              </value>
            </param>
            <param index="6">
              <value>
                <![CDATA[https://www.target.com]]>
              </value>
            </param>
          </params>
          <reporter-output>
          </reporter-output>
        </test-method> <!-- setUp -->
        <test-method is-config="true" signature="startExtent(java.lang.reflect.Method)[pri:0, instance:testhome.HomePageTest@66498326]" started-at="2020-08-31T12:01:15 EDT" name="startExtent" finished-at="2020-08-31T12:01:15 EDT" duration-ms="1" status="PASS">
          <params>
            <param index="0">
              <value>
                <![CDATA[public void testhome.HomePageTest.testTargetLogoIsDisplayed()]]>
              </value>
            </param>
          </params>
          <reporter-output>
          </reporter-output>
        </test-method> <!-- startExtent -->
        <test-method is-config="true" signature="getInit()[pri:0, instance:testhome.HomePageTest@66498326]" started-at="2020-08-31T12:01:15 EDT" name="getInit" finished-at="2020-08-31T12:01:15 EDT" duration-ms="1" status="PASS">
          <reporter-output>
          </reporter-output>
        </test-method> <!-- getInit -->
        <test-method signature="testTargetLogoIsDisplayed()[pri:0, instance:testhome.HomePageTest@66498326]" started-at="2020-08-31T12:01:15 EDT" name="testTargetLogoIsDisplayed" finished-at="2020-08-31T12:01:15 EDT" duration-ms="93" status="PASS">
          <reporter-output>
          </reporter-output>
        </test-method> <!-- testTargetLogoIsDisplayed -->
        <test-method is-config="true" signature="afterEachTestMethod(org.testng.ITestResult)[pri:0, instance:testhome.HomePageTest@66498326]" started-at="2020-08-31T12:01:15 EDT" name="afterEachTestMethod" finished-at="2020-08-31T12:01:15 EDT" duration-ms="732" status="PASS">
          <params>
            <param index="0">
              <value>
                <![CDATA[[TestResult name=testTargetLogoIsDisplayed status=SUCCESS method=HomePageTest.testTargetLogoIsDisplayed()[pri:0, instance:testhome.HomePageTest@66498326] output={null}]]]>
              </value>
            </param>
          </params>
          <reporter-output>
          </reporter-output>
        </test-method> <!-- afterEachTestMethod -->
        <test-method is-config="true" signature="cleanUp()[pri:0, instance:testhome.HomePageTest@66498326]" started-at="2020-08-31T12:01:15 EDT" name="cleanUp" finished-at="2020-08-31T12:01:15 EDT" duration-ms="1" status="PASS">
          <reporter-output>
          </reporter-output>
        </test-method> <!-- cleanUp -->
        <test-method is-config="true" signature="setUp(boolean, java.lang.String, java.lang.String, java.lang.String, java.lang.String, java.lang.String, java.lang.String)[pri:0, instance:testhome.HomePageTest@66498326]" started-at="2020-08-31T12:01:15 EDT" name="setUp" finished-at="2020-08-31T12:01:21 EDT" duration-ms="5243" status="PASS">
          <params>
            <param index="0">
              <value>
                <![CDATA[false]]>
              </value>
            </param>
            <param index="1">
              <value>
                <![CDATA[browserstack]]>
              </value>
            </param>
            <param index="2">
              <value>
                <![CDATA[windows]]>
              </value>
            </param>
            <param index="3">
              <value>
                <![CDATA[10]]>
              </value>
            </param>
            <param index="4">
              <value>
                <![CDATA[chrome]]>
              </value>
            </param>
            <param index="5">
              <value>
                <![CDATA[84]]>
              </value>
            </param>
            <param index="6">
              <value>
                <![CDATA[https://www.target.com]]>
              </value>
            </param>
          </params>
          <reporter-output>
          </reporter-output>
        </test-method> <!-- setUp -->
        <test-method is-config="true" signature="startExtent(java.lang.reflect.Method)[pri:0, instance:testhome.HomePageTest@66498326]" started-at="2020-08-31T12:01:21 EDT" name="startExtent" finished-at="2020-08-31T12:01:21 EDT" duration-ms="1" status="PASS">
          <params>
            <param index="0">
              <value>
                <![CDATA[public void testhome.HomePageTest.testWeeklyAdClickable()]]>
              </value>
            </param>
          </params>
          <reporter-output>
          </reporter-output>
        </test-method> <!-- startExtent -->
        <test-method is-config="true" signature="getInit()[pri:0, instance:testhome.HomePageTest@66498326]" started-at="2020-08-31T12:01:21 EDT" name="getInit" finished-at="2020-08-31T12:01:21 EDT" duration-ms="1" status="PASS">
          <reporter-output>
          </reporter-output>
        </test-method> <!-- getInit -->
        <test-method signature="testWeeklyAdClickable()[pri:0, instance:testhome.HomePageTest@66498326]" started-at="2020-08-31T12:01:21 EDT" name="testWeeklyAdClickable" finished-at="2020-08-31T12:01:22 EDT" duration-ms="1318" status="PASS">
          <reporter-output>
          </reporter-output>
        </test-method> <!-- testWeeklyAdClickable -->
        <test-method is-config="true" signature="afterEachTestMethod(org.testng.ITestResult)[pri:0, instance:testhome.HomePageTest@66498326]" started-at="2020-08-31T12:01:22 EDT" name="afterEachTestMethod" finished-at="2020-08-31T12:01:23 EDT" duration-ms="740" status="PASS">
          <params>
            <param index="0">
              <value>
                <![CDATA[[TestResult name=testWeeklyAdClickable status=SUCCESS method=HomePageTest.testWeeklyAdClickable()[pri:0, instance:testhome.HomePageTest@66498326] output={null}]]]>
              </value>
            </param>
          </params>
          <reporter-output>
          </reporter-output>
        </test-method> <!-- afterEachTestMethod -->
        <test-method is-config="true" signature="setUp(boolean, java.lang.String, java.lang.String, java.lang.String, java.lang.String, java.lang.String, java.lang.String)[pri:0, instance:testhome.HomePageTest@66498326]" started-at="2020-08-31T12:01:23 EDT" name="setUp" finished-at="2020-08-31T12:01:28 EDT" duration-ms="5808" status="PASS">
          <params>
            <param index="0">
              <value>
                <![CDATA[false]]>
              </value>
            </param>
            <param index="1">
              <value>
                <![CDATA[browserstack]]>
              </value>
            </param>
            <param index="2">
              <value>
                <![CDATA[windows]]>
              </value>
            </param>
            <param index="3">
              <value>
                <![CDATA[10]]>
              </value>
            </param>
            <param index="4">
              <value>
                <![CDATA[chrome]]>
              </value>
            </param>
            <param index="5">
              <value>
                <![CDATA[84]]>
              </value>
            </param>
            <param index="6">
              <value>
                <![CDATA[https://www.target.com]]>
              </value>
            </param>
          </params>
          <reporter-output>
          </reporter-output>
        </test-method> <!-- setUp -->
        <test-method is-config="true" signature="cleanUp()[pri:0, instance:testhome.HomePageTest@66498326]" started-at="2020-08-31T12:01:23 EDT" name="cleanUp" finished-at="2020-08-31T12:01:23 EDT" duration-ms="0" status="PASS">
          <reporter-output>
          </reporter-output>
        </test-method> <!-- cleanUp -->
        <test-method is-config="true" signature="startExtent(java.lang.reflect.Method)[pri:0, instance:testhome.HomePageTest@66498326]" started-at="2020-08-31T12:01:28 EDT" name="startExtent" finished-at="2020-08-31T12:01:28 EDT" duration-ms="0" status="PASS">
          <params>
            <param index="0">
              <value>
                <![CDATA[public void testhome.HomePageTest.testcheckMailButton() throws java.lang.InterruptedException]]>
              </value>
            </param>
          </params>
          <reporter-output>
          </reporter-output>
        </test-method> <!-- startExtent -->
        <test-method is-config="true" signature="getInit()[pri:0, instance:testhome.HomePageTest@66498326]" started-at="2020-08-31T12:01:28 EDT" name="getInit" finished-at="2020-08-31T12:01:28 EDT" duration-ms="1" status="PASS">
          <reporter-output>
          </reporter-output>
        </test-method> <!-- getInit -->
        <test-method signature="testcheckMailButton()[pri:0, instance:testhome.HomePageTest@66498326]" started-at="2020-08-31T12:01:28 EDT" name="testcheckMailButton" finished-at="2020-08-31T12:01:37 EDT" duration-ms="8342" status="PASS">
          <reporter-output>
          </reporter-output>
        </test-method> <!-- testcheckMailButton -->
        <test-method is-config="true" signature="afterEachTestMethod(org.testng.ITestResult)[pri:0, instance:testhome.HomePageTest@66498326]" started-at="2020-08-31T12:01:37 EDT" name="afterEachTestMethod" finished-at="2020-08-31T12:01:38 EDT" duration-ms="729" status="PASS">
          <params>
            <param index="0">
              <value>
                <![CDATA[[TestResult name=testcheckMailButton status=SUCCESS method=HomePageTest.testcheckMailButton()[pri:0, instance:testhome.HomePageTest@66498326] output={null}]]]>
              </value>
            </param>
          </params>
          <reporter-output>
          </reporter-output>
        </test-method> <!-- afterEachTestMethod -->
        <test-method is-config="true" signature="cleanUp()[pri:0, instance:testhome.HomePageTest@66498326]" started-at="2020-08-31T12:01:38 EDT" name="cleanUp" finished-at="2020-08-31T12:01:38 EDT" duration-ms="0" status="PASS">
          <reporter-output>
          </reporter-output>
        </test-method> <!-- cleanUp -->
        <test-method is-config="true" signature="generateReport()[pri:0, instance:testhome.HomePageTest@66498326]" started-at="2020-08-31T12:09:13 EDT" name="generateReport" finished-at="2020-08-31T12:09:13 EDT" duration-ms="16" status="PASS">
          <reporter-output>
          </reporter-output>
        </test-method> <!-- generateReport -->
      </class> <!-- testhome.HomePageTest -->
    </test> <!-- Target Home -->
  </suite> <!-- TestSuite -->
</testng-results>
