<?xml version="1.0" encoding="UTF-8"?>
<testng-results ignored="0" total="0" passed="0" failed="0" skipped="0">
  <reporter-output>
  </reporter-output>
  <suite started-at="2020-08-30T23:56:26 EDT" name="TestSuite" finished-at="2020-08-30T23:56:26 EDT" duration-ms="5">
    <groups>
    </groups>
    <test started-at="2020-08-30T23:56:26 EDT" name="Target Home" finished-at="2020-08-30T23:56:26 EDT" duration-ms="5">
    </test> <!-- Target Home -->
  </suite> <!-- TestSuite -->
</testng-results>
