<?xml version="1.0" encoding="UTF-8"?>
<testng-results ignored="0" total="2" passed="2" failed="0" skipped="0">
  <reporter-output>
    <line>
      <![CDATA[Extent Report Directory/Users/arman430/IdeaProjects/WebAutomationFrameWorkSelenium_Team2/TargetEcommerce/target/surefire-reports/html]]>
    </line>
  </reporter-output>
  <suite started-at="2020-08-31T04:46:37 EDT" name="TestSuite" finished-at="2020-08-31T04:46:44 EDT" duration-ms="7169">
    <groups>
    </groups>
    <test started-at="2020-08-31T04:46:37 EDT" name="Target Home" finished-at="2020-08-31T04:46:44 EDT" duration-ms="7169">
      <class name="testHome.TargetHomeTest">
        <test-method is-config="true" signature="extentSetup(org.testng.ITestContext)[pri:0, instance:testHome.TargetHomeTest@ed7f8b4]" started-at="2020-08-31T04:46:37 EDT" name="extentSetup" finished-at="2020-08-31T04:46:37 EDT" duration-ms="191" status="PASS">
          <params>
            <param index="0">
              <value>
                <![CDATA[org.testng.TestRunner@6293e39e]]>
              </value>
            </param>
          </params>
          <reporter-output>
            <line>
              <![CDATA[Extent Report Directory/Users/arman430/IdeaProjects/WebAutomationFrameWorkSelenium_Team2/TargetEcommerce/target/surefire-reports/html]]>
            </line>
          </reporter-output>
        </test-method> <!-- extentSetup -->
        <test-method is-config="true" signature="setUp(boolean, java.lang.String, java.lang.String, java.lang.String, java.lang.String, java.lang.String, java.lang.String)[pri:0, instance:testHome.TargetHomeTest@ed7f8b4]" started-at="2020-08-31T04:46:37 EDT" name="setUp" finished-at="2020-08-31T04:46:41 EDT" duration-ms="3810" status="PASS">
          <params>
            <param index="0">
              <value>
                <![CDATA[false]]>
              </value>
            </param>
            <param index="1">
              <value>
                <![CDATA[false]]>
              </value>
            </param>
            <param index="2">
              <value>
                <![CDATA[OS X]]>
              </value>
            </param>
            <param index="3">
              <value>
                <![CDATA[10]]>
              </value>
            </param>
            <param index="4">
              <value>
                <![CDATA[chrome]]>
              </value>
            </param>
            <param index="5">
              <value>
                <![CDATA[84]]>
              </value>
            </param>
            <param index="6">
              <value>
                <![CDATA[https://www.target.com]]>
              </value>
            </param>
          </params>
          <reporter-output>
          </reporter-output>
        </test-method> <!-- setUp -->
        <test-method is-config="true" signature="startExtent(java.lang.reflect.Method)[pri:0, instance:testHome.TargetHomeTest@ed7f8b4]" started-at="2020-08-31T04:46:41 EDT" name="startExtent" finished-at="2020-08-31T04:46:41 EDT" duration-ms="15" status="PASS">
          <params>
            <param index="0">
              <value>
                <![CDATA[public void testHome.TargetHomeTest.testTargetLogoDisplayCheck()]]>
              </value>
            </param>
          </params>
          <reporter-output>
          </reporter-output>
        </test-method> <!-- startExtent -->
        <test-method is-config="true" signature="getInIt()[pri:0, instance:testHome.TargetHomeTest@ed7f8b4]" started-at="2020-08-31T04:46:41 EDT" name="getInIt" finished-at="2020-08-31T04:46:41 EDT" duration-ms="41" status="PASS">
          <reporter-output>
          </reporter-output>
        </test-method> <!-- getInIt -->
        <test-method signature="testTargetLogoDisplayCheck()[pri:0, instance:testHome.TargetHomeTest@ed7f8b4]" started-at="2020-08-31T04:46:41 EDT" name="testTargetLogoDisplayCheck" finished-at="2020-08-31T04:46:41 EDT" duration-ms="168" status="PASS">
          <reporter-output>
          </reporter-output>
        </test-method> <!-- testTargetLogoDisplayCheck -->
        <test-method is-config="true" signature="afterEachTestMethod(org.testng.ITestResult)[pri:0, instance:testHome.TargetHomeTest@ed7f8b4]" started-at="2020-08-31T04:46:41 EDT" name="afterEachTestMethod" finished-at="2020-08-31T04:46:41 EDT" duration-ms="348" status="PASS">
          <params>
            <param index="0">
              <value>
                <![CDATA[[TestResult name=testTargetLogoDisplayCheck status=SUCCESS method=TargetHomeTest.testTargetLogoDisplayCheck()[pri:0, instance:testHome.TargetHomeTest@ed7f8b4] output={null}]]]>
              </value>
            </param>
          </params>
          <reporter-output>
          </reporter-output>
        </test-method> <!-- afterEachTestMethod -->
        <test-method is-config="true" signature="cleanUp()[pri:0, instance:testHome.TargetHomeTest@ed7f8b4]" started-at="2020-08-31T04:46:41 EDT" name="cleanUp" finished-at="2020-08-31T04:46:41 EDT" duration-ms="0" status="PASS">
          <reporter-output>
          </reporter-output>
        </test-method> <!-- cleanUp -->
        <test-method is-config="true" signature="setUp(boolean, java.lang.String, java.lang.String, java.lang.String, java.lang.String, java.lang.String, java.lang.String)[pri:0, instance:testHome.TargetHomeTest@ed7f8b4]" started-at="2020-08-31T04:46:41 EDT" name="setUp" finished-at="2020-08-31T04:46:44 EDT" duration-ms="2376" status="PASS">
          <params>
            <param index="0">
              <value>
                <![CDATA[false]]>
              </value>
            </param>
            <param index="1">
              <value>
                <![CDATA[false]]>
              </value>
            </param>
            <param index="2">
              <value>
                <![CDATA[OS X]]>
              </value>
            </param>
            <param index="3">
              <value>
                <![CDATA[10]]>
              </value>
            </param>
            <param index="4">
              <value>
                <![CDATA[chrome]]>
              </value>
            </param>
            <param index="5">
              <value>
                <![CDATA[84]]>
              </value>
            </param>
            <param index="6">
              <value>
                <![CDATA[https://www.target.com]]>
              </value>
            </param>
          </params>
          <reporter-output>
          </reporter-output>
        </test-method> <!-- setUp -->
        <test-method is-config="true" signature="startExtent(java.lang.reflect.Method)[pri:0, instance:testHome.TargetHomeTest@ed7f8b4]" started-at="2020-08-31T04:46:44 EDT" name="startExtent" finished-at="2020-08-31T04:46:44 EDT" duration-ms="1" status="PASS">
          <params>
            <param index="0">
              <value>
                <![CDATA[public void testHome.TargetHomeTest.testTargetLogoIsClickable()]]>
              </value>
            </param>
          </params>
          <reporter-output>
          </reporter-output>
        </test-method> <!-- startExtent -->
        <test-method is-config="true" signature="getInIt()[pri:0, instance:testHome.TargetHomeTest@ed7f8b4]" started-at="2020-08-31T04:46:44 EDT" name="getInIt" finished-at="2020-08-31T04:46:44 EDT" duration-ms="1" status="PASS">
          <reporter-output>
          </reporter-output>
        </test-method> <!-- getInIt -->
        <test-method signature="testTargetLogoIsClickable()[pri:0, instance:testHome.TargetHomeTest@ed7f8b4]" started-at="2020-08-31T04:46:44 EDT" name="testTargetLogoIsClickable" finished-at="2020-08-31T04:46:44 EDT" duration-ms="257" status="PASS">
          <reporter-output>
          </reporter-output>
        </test-method> <!-- testTargetLogoIsClickable -->
        <test-method is-config="true" signature="afterEachTestMethod(org.testng.ITestResult)[pri:0, instance:testHome.TargetHomeTest@ed7f8b4]" started-at="2020-08-31T04:46:44 EDT" name="afterEachTestMethod" finished-at="2020-08-31T04:46:44 EDT" duration-ms="129" status="PASS">
          <params>
            <param index="0">
              <value>
                <![CDATA[[TestResult name=testTargetLogoIsClickable status=SUCCESS method=TargetHomeTest.testTargetLogoIsClickable()[pri:0, instance:testHome.TargetHomeTest@ed7f8b4] output={null}]]]>
              </value>
            </param>
          </params>
          <reporter-output>
          </reporter-output>
        </test-method> <!-- afterEachTestMethod -->
        <test-method is-config="true" signature="cleanUp()[pri:0, instance:testHome.TargetHomeTest@ed7f8b4]" started-at="2020-08-31T04:46:44 EDT" name="cleanUp" finished-at="2020-08-31T04:46:44 EDT" duration-ms="0" status="PASS">
          <reporter-output>
          </reporter-output>
        </test-method> <!-- cleanUp -->
        <test-method is-config="true" signature="generateReport()[pri:0, instance:testHome.TargetHomeTest@ed7f8b4]" started-at="2020-08-31T04:46:44 EDT" name="generateReport" finished-at="2020-08-31T04:46:44 EDT" duration-ms="30" status="PASS">
          <reporter-output>
          </reporter-output>
        </test-method> <!-- generateReport -->
      </class> <!-- testHome.TargetHomeTest -->
    </test> <!-- Target Home -->
  </suite> <!-- TestSuite -->
</testng-results>
