-------------------------------------------------------------------------------
Test set: TestSuite
-------------------------------------------------------------------------------
Tests run: 1, Failures: 1, Errors: 0, Skipped: 0, Time elapsed: 8.747 s <<< FAILURE! - in TestSuite
testSearch.SearchTest.testSearchBoxCheckGetItemsListFromDB  Time elapsed: 0.146 s  <<< FAILURE!
java.sql.SQLNonTransientConnectionException: Public Key Retrieval is not allowed
	at testSearch.SearchTest.testSearchBoxCheckGetItemsListFromDB(SearchTest.java:36)

